[+] Containers:
 |- [+] Container: /Game/Maps/ThirdPersonMap
 |   |- [+] ActorDescs:
 |   |   |- Guid:0A357FD74FDE48C5217DE4994E24DA75 BaseClass: NativeClass:/Script/NavigationSystem.RecastNavMesh Name:RecastNavMesh_UAID_E0D55EDD9C7403DD01-Default Label:RecastNavMesh-Default SpatiallyLoaded:0 Bounds:IsValid=true, Min=(X=0.000 Y=0.000 Z=0.000), Max=(X=0.000 Y=0.000 Z=0.000) RuntimeGrid:None EditorOnly:0 RuntimeOnly:0 HLODRelevant:0 ListedInSceneOutliner:1 IsMainWorldOnly:0
 |   |   |- Guid:1AAFE9F44478300EF38D3DA0876FED2B BaseClass:/Game/CombatSystem/Blueprints/Actors/BP_PickupActor.BP_PickupActor_C NativeClass:/Script/Engine.Actor Name:BP_PickupActor_C_UAID_F4B52057818C7DCE01_1332909695 Label:BP_espada inicial SpatiallyLoaded:1 Bounds:IsValid=true, Min=(X=-13904.000 Y=37960.917 Z=10107.398), Max=(X=-13696.000 Y=38168.917 Z=10319.862) RuntimeGrid:None EditorOnly:0 RuntimeOnly:0 HLODRelevant:0 ListedInSceneOutliner:1 IsMainWorldOnly:0 FolderPath:cena padrao/items FolderGuid:BCF127A844A409C094655786D05FBAD3
 |   |   |- Guid:295344A64ADC6B49B69C328D1D1AE053 BaseClass: NativeClass:/Script/Engine.TargetPoint Name:TargetPoint_UAID_E0D55EDD9C74C9DB01_1837266808 Label:TargetPoint5 SpatiallyLoaded:1 Bounds:IsValid=true, Min=(X=-9349.281 Y=35427.099 Z=10142.907), Max=(X=-9349.281 Y=35427.099 Z=10142.907) RuntimeGrid:None EditorOnly:0 RuntimeOnly:0 HLODRelevant:0 ListedInSceneOutliner:1 IsMainWorldOnly:0
 |   |   |- Guid:2FB58999456391D349DC0F86DAC136ED BaseClass: NativeClass:/Script/Engine.SkyLight Name:SkyLight_1 Label:SkyLight SpatiallyLoaded:0 Bounds:IsValid=true, Min=(X=0.000 Y=29590.000 Z=7560.000), Max=(X=0.000 Y=29590.000 Z=7560.000) RuntimeGrid:None EditorOnly:0 RuntimeOnly:0 HLODRelevant:0 ListedInSceneOutliner:1 IsMainWorldOnly:0 FolderPath:cena padrao/Lighting FolderGuid:963EC3EB4002CCE9759E2EBA541A873A
 |   |   |- Guid:316CF2A6494ACA4C0E4180A87D36AB8F BaseClass: NativeClass:/Script/Engine.ExponentialHeightFog Name:ExponentialHeightFog_0 Label:ExponentialHeightFog SpatiallyLoaded:0 Bounds:IsValid=true, Min=(X=-5600.000 Y=-50.000 Z=-6630.000), Max=(X=-5600.000 Y=-50.000 Z=-6630.000) RuntimeGrid:None EditorOnly:0 RuntimeOnly:0 HLODRelevant:0 ListedInSceneOutliner:1 IsMainWorldOnly:0 FolderPath:cena padrao/Lighting FolderGuid:963EC3EB4002CCE9759E2EBA541A873A
 |   |   |- Guid:3A00AA1C422CE54C0BDB60BAF471BFBB BaseClass: NativeClass:/Script/Engine.PlayerStart Name:PlayerStart_0 Label:PlayerStart SpatiallyLoaded:0 Bounds:IsValid=true, Min=(X=-12570.000 Y=38120.000 Z=10150.013), Max=(X=-12490.000 Y=38200.000 Z=10334.013) RuntimeGrid:None EditorOnly:0 RuntimeOnly:0 HLODRelevant:0 ListedInSceneOutliner:1 IsMainWorldOnly:0 FolderPath:cena padrao/player e etc FolderGuid:B268072B430A50681A6FF4B84874B442
 |   |   |- Guid:3C30E67B479A32C7D9B3588774C1AF29 BaseClass:/Engine/EngineSky/BP_Sky_Sphere.BP_Sky_Sphere_C NativeClass:/Script/Engine.Actor Name:SkySphere_UAID_E0D55EDD9C7474D001_1740184230 Label:Sky Sphere SpatiallyLoaded:0 Bounds:IsValid=true, Min=(X=-1680881.172 Y=-1622755.465 Z=-1661047.438), Max=(X=1595918.828 Y=1654044.535 Z=1615752.562) RuntimeGrid:None EditorOnly:0 RuntimeOnly:0 HLODRelevant:0 ListedInSceneOutliner:1 IsMainWorldOnly:0 FolderPath:cena padrao/Effects FolderGuid:166D853C4C35704385EE81A2E7E75711
 |   |   |- Guid:45986EC0498E4B6EEC38849346768924 BaseClass:/Game/CombatSystem/Blueprints/Actors/BP_PickupActor.BP_PickupActor_C NativeClass:/Script/Engine.Actor Name:BP_PickupActor_C_UAID_E0D55EDD9C7494D901_1574778363 Label:BP_PickupActor SpatiallyLoaded:1 Bounds:IsValid=true, Min=(X=-13894.000 Y=37726.000 Z=10106.000), Max=(X=-13686.000 Y=37934.000 Z=10314.000) RuntimeGrid:None EditorOnly:0 RuntimeOnly:0 HLODRelevant:0 ListedInSceneOutliner:1 IsMainWorldOnly:0
 |   |   |- Guid:48EE45BA4A9CF1ACE14750ACB934365F BaseClass: NativeClass:/Script/Engine.TargetPoint Name:TargetPoint_UAID_E0D55EDD9C74C9DB01_1821106803 Label:TargetPoint3 SpatiallyLoaded:1 Bounds:IsValid=true, Min=(X=-10195.681 Y=40894.727 Z=10142.907), Max=(X=-10195.681 Y=40894.727 Z=10142.907) RuntimeGrid:None EditorOnly:0 RuntimeOnly:0 HLODRelevant:0 ListedInSceneOutliner:1 IsMainWorldOnly:0
 |   |   |- Guid:58EA585F482DE4EDCD2F1A8F05259D2F BaseClass:/Game/CombatSystem/Blueprints/Actors/BP_PickupActor.BP_PickupActor_C NativeClass:/Script/Engine.Actor Name:BP_PickupActor_C_UAID_F4B52057818C7ECE01_1687605872 Label:BP_espada grande SpatiallyLoaded:1 Bounds:IsValid=true, Min=(X=-13874.000 Y=38236.000 Z=10086.000), Max=(X=-13666.000 Y=38444.000 Z=10377.313) RuntimeGrid:None EditorOnly:0 RuntimeOnly:0 HLODRelevant:0 ListedInSceneOutliner:1 IsMainWorldOnly:0 FolderPath:cena padrao/items FolderGuid:BCF127A844A409C094655786D05FBAD3
 |   |   |- Guid:6BAF4DDD444C60371492D3919DB42C97 BaseClass: NativeClass:/Script/Engine.WorldDataLayers Name:WorldDataLayers Label:WorldDataLayers SpatiallyLoaded:0 Bounds:Invalid RuntimeGrid:None EditorOnly:0 RuntimeOnly:0 HLODRelevant:0 ListedInSceneOutliner:1 IsMainWorldOnly:1 FolderPath:player e etc FolderGuid:B268072B430A50681A6FF4B84874B442
 |   |   |- Guid:85E6C5B54FA18D8A163209A09851AB81 BaseClass: NativeClass:/Script/Engine.StaticMeshActor Name:StaticMeshActor_UAID_E0D55EDD9C7478D001_2012532240 Label:Plane SpatiallyLoaded:1 Bounds:IsValid=true, Min=(X=-15420.000 Y=35120.000 Z=10140.000), Max=(X=-9120.000 Y=41420.000 Z=10140.000) RuntimeGrid:None EditorOnly:0 RuntimeOnly:0 HLODRelevant:1 ListedInSceneOutliner:1 IsMainWorldOnly:0
 |   |   |- Guid:A766514445F45302DB8BECA04EDBB9B4 BaseClass: NativeClass:/Script/Engine.TargetPoint Name:TargetPoint_UAID_E0D55EDD9C74C9DB01_1806965802 Label:TargetPoint2 SpatiallyLoaded:1 Bounds:IsValid=true, Min=(X=-9406.235 Y=40894.727 Z=10142.907), Max=(X=-9406.235 Y=40894.727 Z=10142.907) RuntimeGrid:None EditorOnly:0 RuntimeOnly:0 HLODRelevant:0 ListedInSceneOutliner:1 IsMainWorldOnly:0
 |   |   |- Guid:B6D5D9E945788907854E3597EAF64158 BaseClass: NativeClass:/Script/Engine.TargetPoint Name:TargetPoint_UAID_E0D55EDD9C74C9DB01_1728329800 Label:TargetPoint SpatiallyLoaded:1 Bounds:IsValid=true, Min=(X=-9406.235 Y=38169.720 Z=10142.907), Max=(X=-9406.235 Y=38169.720 Z=10142.907) RuntimeGrid:None EditorOnly:0 RuntimeOnly:0 HLODRelevant:0 ListedInSceneOutliner:1 IsMainWorldOnly:0
 |   |   |- Guid:B785ED2844B84CFB91E7F39FE661CD99 BaseClass: NativeClass:/Script/Engine.DirectionalLight Name:DirectionalLight_0 Label:DirectionalLight SpatiallyLoaded:0 Bounds:IsValid=true, Min=(X=-4398046511104.000 Y=-4398046511104.000 Z=-4398046511104.000), Max=(X=4398046511104.000 Y=4398046511104.000 Z=4398046511104.000) RuntimeGrid:None EditorOnly:0 RuntimeOnly:0 HLODRelevant:0 ListedInSceneOutliner:1 IsMainWorldOnly:0 FolderPath:cena padrao/Lighting FolderGuid:963EC3EB4002CCE9759E2EBA541A873A
 |   |   |- Guid:CCFF262C46EEFFDF319E7F9539CE697E BaseClass: NativeClass:/Script/Engine.SkyAtmosphere Name:SkyAtmosphere_0 Label:SkyAtmosphere SpatiallyLoaded:0 Bounds:IsValid=true, Min=(X=0.000 Y=0.000 Z=1020.000), Max=(X=0.000 Y=0.000 Z=1020.000) RuntimeGrid:None EditorOnly:0 RuntimeOnly:0 HLODRelevant:0 ListedInSceneOutliner:1 IsMainWorldOnly:0 FolderPath:Lighting FolderGuid:963EC3EB4002CCE9759E2EBA541A873A
 |   |   |- Guid:F54EF0024E884D86F37F82B6996A0374 BaseClass: NativeClass:/Script/Engine.TargetPoint Name:TargetPoint_UAID_E0D55EDD9C74C9DB01_1834690807 Label:TargetPoint4 SpatiallyLoaded:1 Bounds:IsValid=true, Min=(X=-10195.681 Y=35427.099 Z=10142.907), Max=(X=-10195.681 Y=35427.099 Z=10142.907) RuntimeGrid:None EditorOnly:0 RuntimeOnly:0 HLODRelevant:0 ListedInSceneOutliner:1 IsMainWorldOnly:0
 |   |   |- Guid:F5E3FEB3450C49844FD93DA8E083C8AD BaseClass: NativeClass:/Script/Engine.PostProcessVolume Name:PostProcessVolume_0 Label:PostProcessVolume SpatiallyLoaded:0 Bounds:IsValid=true, Min=(X=-1090.000 Y=0.000 Z=400.000), Max=(X=-890.000 Y=200.000 Z=600.000) RuntimeGrid:None EditorOnly:0 RuntimeOnly:0 HLODRelevant:0 ListedInSceneOutliner:1 IsMainWorldOnly:0 FolderPath:cena padrao/Lighting FolderGuid:963EC3EB4002CCE9759E2EBA541A873A
 |   |   |- Guid:F65D2D7B496F82B9ACAE75A26279EDC0 BaseClass:/Game/CombatSystem/Blueprints/AI/BP_HumanoidEnemy.BP_HumanoidEnemy_C NativeClass:/Script/Engine.Character Name:BP_HumanoidEnemy_C_UAID_E0D55EDD9C74C6DB01_1212344271 Label:BP_HumanoidEnemy SpatiallyLoaded:1 Bounds:IsValid=true, Min=(X=-9464.443 Y=38116.231 Z=10125.039), Max=(X=-9361.556 Y=38222.182 Z=10349.012) RuntimeGrid:None EditorOnly:0 RuntimeOnly:0 HLODRelevant:0 ListedInSceneOutliner:1 IsMainWorldOnly:0
 |   |- [+] Clusters:
 |   |   |- [+] [  0]
 |   |   |   |- Guid:0A357FD74FDE48C5217DE4994E24DA75 BaseClass: NativeClass:/Script/NavigationSystem.RecastNavMesh Name:RecastNavMesh_UAID_E0D55EDD9C7403DD01-Default Label:RecastNavMesh-Default SpatiallyLoaded:0 Bounds:IsValid=true, Min=(X=0.000 Y=0.000 Z=0.000), Max=(X=0.000 Y=0.000 Z=0.000) RuntimeGrid:None EditorOnly:0 RuntimeOnly:0 HLODRelevant:0 ListedInSceneOutliner:1 IsMainWorldOnly:0
 |   |   |- [+] [  1]
 |   |   |   |- Guid:1AAFE9F44478300EF38D3DA0876FED2B BaseClass:/Game/CombatSystem/Blueprints/Actors/BP_PickupActor.BP_PickupActor_C NativeClass:/Script/Engine.Actor Name:BP_PickupActor_C_UAID_F4B52057818C7DCE01_1332909695 Label:BP_espada inicial SpatiallyLoaded:1 Bounds:IsValid=true, Min=(X=-13904.000 Y=37960.917 Z=10107.398), Max=(X=-13696.000 Y=38168.917 Z=10319.862) RuntimeGrid:None EditorOnly:0 RuntimeOnly:0 HLODRelevant:0 ListedInSceneOutliner:1 IsMainWorldOnly:0 FolderPath:cena padrao/items FolderGuid:BCF127A844A409C094655786D05FBAD3
 |   |   |- [+] [  2]
 |   |   |   |- Guid:295344A64ADC6B49B69C328D1D1AE053 BaseClass: NativeClass:/Script/Engine.TargetPoint Name:TargetPoint_UAID_E0D55EDD9C74C9DB01_1837266808 Label:TargetPoint5 SpatiallyLoaded:1 Bounds:IsValid=true, Min=(X=-9349.281 Y=35427.099 Z=10142.907), Max=(X=-9349.281 Y=35427.099 Z=10142.907) RuntimeGrid:None EditorOnly:0 RuntimeOnly:0 HLODRelevant:0 ListedInSceneOutliner:1 IsMainWorldOnly:0
 |   |   |   |- Guid:48EE45BA4A9CF1ACE14750ACB934365F BaseClass: NativeClass:/Script/Engine.TargetPoint Name:TargetPoint_UAID_E0D55EDD9C74C9DB01_1821106803 Label:TargetPoint3 SpatiallyLoaded:1 Bounds:IsValid=true, Min=(X=-10195.681 Y=40894.727 Z=10142.907), Max=(X=-10195.681 Y=40894.727 Z=10142.907) RuntimeGrid:None EditorOnly:0 RuntimeOnly:0 HLODRelevant:0 ListedInSceneOutliner:1 IsMainWorldOnly:0
 |   |   |   |- Guid:A766514445F45302DB8BECA04EDBB9B4 BaseClass: NativeClass:/Script/Engine.TargetPoint Name:TargetPoint_UAID_E0D55EDD9C74C9DB01_1806965802 Label:TargetPoint2 SpatiallyLoaded:1 Bounds:IsValid=true, Min=(X=-9406.235 Y=40894.727 Z=10142.907), Max=(X=-9406.235 Y=40894.727 Z=10142.907) RuntimeGrid:None EditorOnly:0 RuntimeOnly:0 HLODRelevant:0 ListedInSceneOutliner:1 IsMainWorldOnly:0
 |   |   |   |- Guid:B6D5D9E945788907854E3597EAF64158 BaseClass: NativeClass:/Script/Engine.TargetPoint Name:TargetPoint_UAID_E0D55EDD9C74C9DB01_1728329800 Label:TargetPoint SpatiallyLoaded:1 Bounds:IsValid=true, Min=(X=-9406.235 Y=38169.720 Z=10142.907), Max=(X=-9406.235 Y=38169.720 Z=10142.907) RuntimeGrid:None EditorOnly:0 RuntimeOnly:0 HLODRelevant:0 ListedInSceneOutliner:1 IsMainWorldOnly:0
 |   |   |   |- Guid:F54EF0024E884D86F37F82B6996A0374 BaseClass: NativeClass:/Script/Engine.TargetPoint Name:TargetPoint_UAID_E0D55EDD9C74C9DB01_1834690807 Label:TargetPoint4 SpatiallyLoaded:1 Bounds:IsValid=true, Min=(X=-10195.681 Y=35427.099 Z=10142.907), Max=(X=-10195.681 Y=35427.099 Z=10142.907) RuntimeGrid:None EditorOnly:0 RuntimeOnly:0 HLODRelevant:0 ListedInSceneOutliner:1 IsMainWorldOnly:0
 |   |   |   |- Guid:F65D2D7B496F82B9ACAE75A26279EDC0 BaseClass:/Game/CombatSystem/Blueprints/AI/BP_HumanoidEnemy.BP_HumanoidEnemy_C NativeClass:/Script/Engine.Character Name:BP_HumanoidEnemy_C_UAID_E0D55EDD9C74C6DB01_1212344271 Label:BP_HumanoidEnemy SpatiallyLoaded:1 Bounds:IsValid=true, Min=(X=-9464.443 Y=38116.231 Z=10125.039), Max=(X=-9361.556 Y=38222.182 Z=10349.012) RuntimeGrid:None EditorOnly:0 RuntimeOnly:0 HLODRelevant:0 ListedInSceneOutliner:1 IsMainWorldOnly:0
 |   |   |- [+] [  3]
 |   |   |   |- Guid:2FB58999456391D349DC0F86DAC136ED BaseClass: NativeClass:/Script/Engine.SkyLight Name:SkyLight_1 Label:SkyLight SpatiallyLoaded:0 Bounds:IsValid=true, Min=(X=0.000 Y=29590.000 Z=7560.000), Max=(X=0.000 Y=29590.000 Z=7560.000) RuntimeGrid:None EditorOnly:0 RuntimeOnly:0 HLODRelevant:0 ListedInSceneOutliner:1 IsMainWorldOnly:0 FolderPath:cena padrao/Lighting FolderGuid:963EC3EB4002CCE9759E2EBA541A873A
 |   |   |- [+] [  4]
 |   |   |   |- Guid:316CF2A6494ACA4C0E4180A87D36AB8F BaseClass: NativeClass:/Script/Engine.ExponentialHeightFog Name:ExponentialHeightFog_0 Label:ExponentialHeightFog SpatiallyLoaded:0 Bounds:IsValid=true, Min=(X=-5600.000 Y=-50.000 Z=-6630.000), Max=(X=-5600.000 Y=-50.000 Z=-6630.000) RuntimeGrid:None EditorOnly:0 RuntimeOnly:0 HLODRelevant:0 ListedInSceneOutliner:1 IsMainWorldOnly:0 FolderPath:cena padrao/Lighting FolderGuid:963EC3EB4002CCE9759E2EBA541A873A
 |   |   |- [+] [  5]
 |   |   |   |- Guid:3A00AA1C422CE54C0BDB60BAF471BFBB BaseClass: NativeClass:/Script/Engine.PlayerStart Name:PlayerStart_0 Label:PlayerStart SpatiallyLoaded:0 Bounds:IsValid=true, Min=(X=-12570.000 Y=38120.000 Z=10150.013), Max=(X=-12490.000 Y=38200.000 Z=10334.013) RuntimeGrid:None EditorOnly:0 RuntimeOnly:0 HLODRelevant:0 ListedInSceneOutliner:1 IsMainWorldOnly:0 FolderPath:cena padrao/player e etc FolderGuid:B268072B430A50681A6FF4B84874B442
 |   |   |- [+] [  6]
 |   |   |   |- Guid:3C30E67B479A32C7D9B3588774C1AF29 BaseClass:/Engine/EngineSky/BP_Sky_Sphere.BP_Sky_Sphere_C NativeClass:/Script/Engine.Actor Name:SkySphere_UAID_E0D55EDD9C7474D001_1740184230 Label:Sky Sphere SpatiallyLoaded:0 Bounds:IsValid=true, Min=(X=-1680881.172 Y=-1622755.465 Z=-1661047.438), Max=(X=1595918.828 Y=1654044.535 Z=1615752.562) RuntimeGrid:None EditorOnly:0 RuntimeOnly:0 HLODRelevant:0 ListedInSceneOutliner:1 IsMainWorldOnly:0 FolderPath:cena padrao/Effects FolderGuid:166D853C4C35704385EE81A2E7E75711
 |   |   |- [+] [  7]
 |   |   |   |- Guid:45986EC0498E4B6EEC38849346768924 BaseClass:/Game/CombatSystem/Blueprints/Actors/BP_PickupActor.BP_PickupActor_C NativeClass:/Script/Engine.Actor Name:BP_PickupActor_C_UAID_E0D55EDD9C7494D901_1574778363 Label:BP_PickupActor SpatiallyLoaded:1 Bounds:IsValid=true, Min=(X=-13894.000 Y=37726.000 Z=10106.000), Max=(X=-13686.000 Y=37934.000 Z=10314.000) RuntimeGrid:None EditorOnly:0 RuntimeOnly:0 HLODRelevant:0 ListedInSceneOutliner:1 IsMainWorldOnly:0
 |   |   |- [+] [  8]
 |   |   |   |- Guid:58EA585F482DE4EDCD2F1A8F05259D2F BaseClass:/Game/CombatSystem/Blueprints/Actors/BP_PickupActor.BP_PickupActor_C NativeClass:/Script/Engine.Actor Name:BP_PickupActor_C_UAID_F4B52057818C7ECE01_1687605872 Label:BP_espada grande SpatiallyLoaded:1 Bounds:IsValid=true, Min=(X=-13874.000 Y=38236.000 Z=10086.000), Max=(X=-13666.000 Y=38444.000 Z=10377.313) RuntimeGrid:None EditorOnly:0 RuntimeOnly:0 HLODRelevant:0 ListedInSceneOutliner:1 IsMainWorldOnly:0 FolderPath:cena padrao/items FolderGuid:BCF127A844A409C094655786D05FBAD3
 |   |   |- [+] [  9]
 |   |   |   |- Guid:6BAF4DDD444C60371492D3919DB42C97 BaseClass: NativeClass:/Script/Engine.WorldDataLayers Name:WorldDataLayers Label:WorldDataLayers SpatiallyLoaded:0 Bounds:Invalid RuntimeGrid:None EditorOnly:0 RuntimeOnly:0 HLODRelevant:0 ListedInSceneOutliner:1 IsMainWorldOnly:1 FolderPath:player e etc FolderGuid:B268072B430A50681A6FF4B84874B442
 |   |   |- [+] [ 10]
 |   |   |   |- Guid:85E6C5B54FA18D8A163209A09851AB81 BaseClass: NativeClass:/Script/Engine.StaticMeshActor Name:StaticMeshActor_UAID_E0D55EDD9C7478D001_2012532240 Label:Plane SpatiallyLoaded:1 Bounds:IsValid=true, Min=(X=-15420.000 Y=35120.000 Z=10140.000), Max=(X=-9120.000 Y=41420.000 Z=10140.000) RuntimeGrid:None EditorOnly:0 RuntimeOnly:0 HLODRelevant:1 ListedInSceneOutliner:1 IsMainWorldOnly:0
 |   |   |- [+] [ 11]
 |   |   |   |- Guid:B785ED2844B84CFB91E7F39FE661CD99 BaseClass: NativeClass:/Script/Engine.DirectionalLight Name:DirectionalLight_0 Label:DirectionalLight SpatiallyLoaded:0 Bounds:IsValid=true, Min=(X=-4398046511104.000 Y=-4398046511104.000 Z=-4398046511104.000), Max=(X=4398046511104.000 Y=4398046511104.000 Z=4398046511104.000) RuntimeGrid:None EditorOnly:0 RuntimeOnly:0 HLODRelevant:0 ListedInSceneOutliner:1 IsMainWorldOnly:0 FolderPath:cena padrao/Lighting FolderGuid:963EC3EB4002CCE9759E2EBA541A873A
 |   |   |- [+] [ 12]
 |   |   |   |- Guid:CCFF262C46EEFFDF319E7F9539CE697E BaseClass: NativeClass:/Script/Engine.SkyAtmosphere Name:SkyAtmosphere_0 Label:SkyAtmosphere SpatiallyLoaded:0 Bounds:IsValid=true, Min=(X=0.000 Y=0.000 Z=1020.000), Max=(X=0.000 Y=0.000 Z=1020.000) RuntimeGrid:None EditorOnly:0 RuntimeOnly:0 HLODRelevant:0 ListedInSceneOutliner:1 IsMainWorldOnly:0 FolderPath:Lighting FolderGuid:963EC3EB4002CCE9759E2EBA541A873A
 |   |   |- [+] [ 13]
 |   |   |   |- Guid:F5E3FEB3450C49844FD93DA8E083C8AD BaseClass: NativeClass:/Script/Engine.PostProcessVolume Name:PostProcessVolume_0 Label:PostProcessVolume SpatiallyLoaded:0 Bounds:IsValid=true, Min=(X=-1090.000 Y=0.000 Z=400.000), Max=(X=-890.000 Y=200.000 Z=600.000) RuntimeGrid:None EditorOnly:0 RuntimeOnly:0 HLODRelevant:0 ListedInSceneOutliner:1 IsMainWorldOnly:0 FolderPath:cena padrao/Lighting FolderGuid:963EC3EB4002CCE9759E2EBA541A873A
 |- ContainerInstances:
 |- [+] MainContainer:
 |   |-        ID: 00000000000000000000000000000000
 |   |-  ParentID: 00000000000000000000000000000000
 |   |-    Bounds: IsValid=false, Min=(X=0.000 Y=0.000 Z=0.000), Max=(X=0.000 Y=0.000 Z=0.000)
 |   |- Transform: 0.000000,0.000000,0.000000|0.000000,0.000000,-0.000000|1.000000,1.000000,1.000000
 |   |- Container: /Game/Maps/ThirdPersonMap
----------------------------------------------------------------------------------------------------------------
ThirdPersonMap - Persistent Level
----------------------------------------------------------------------------------------------------------------
[+] Content of ThirdPersonMap Persistent Level
 |- Always loaded Actor Count: 26 
 |- Actor Path: /Game/Maps/ThirdPersonMap.ThirdPersonMap:PersistentLevel.AbstractNavData-Default
 |- Actor Package: /Game/Maps/ThirdPersonMap
 |- Actor Path: /Game/Maps/ThirdPersonMap.ThirdPersonMap:PersistentLevel.BP_HumanoidEnemy_C_UAID_E0D55EDD9C74C6DB01_1212344271
 |- Actor Package: /Game/__ExternalActors__/Maps/ThirdPersonMap/1/E2/VBWSMEASBCMF6CUP1QJY6C
 |- Actor Path: /Game/Maps/ThirdPersonMap.ThirdPersonMap:PersistentLevel.BP_PickupActor_C_UAID_E0D55EDD9C7494D901_1574778363
 |- Actor Package: /Game/__ExternalActors__/Maps/ThirdPersonMap/5/TB/TC9IXQ530FBV16SFUBUMKS
 |- Actor Path: /Game/Maps/ThirdPersonMap.ThirdPersonMap:PersistentLevel.BP_PickupActor_C_UAID_F4B52057818C7DCE01_1332909695
 |- Actor Package: /Game/__ExternalActors__/Maps/ThirdPersonMap/9/V4/4DZ5Z0J3RYWS67O4NF6G52
 |- Actor Path: /Game/Maps/ThirdPersonMap.ThirdPersonMap:PersistentLevel.BP_PickupActor_C_UAID_F4B52057818C7ECE01_1687605872
 |- Actor Package: /Game/__ExternalActors__/Maps/ThirdPersonMap/9/NW/O3E2VMQWL2D37SLH47FWHP
 |- Actor Path: /Game/Maps/ThirdPersonMap.ThirdPersonMap:PersistentLevel.Brush_0
 |- Actor Package: /Game/Maps/ThirdPersonMap
 |- Actor Path: /Game/Maps/ThirdPersonMap.ThirdPersonMap:PersistentLevel.DefaultPhysicsVolume_0
 |- Actor Package: /Game/Maps/ThirdPersonMap
 |- Actor Path: /Game/Maps/ThirdPersonMap.ThirdPersonMap:PersistentLevel.DirectionalLight_0
 |- Actor Package: /Game/__ExternalActors__/Maps/ThirdPersonMap/C/IZ/F47RIT6PBRGD3VFHIO4PVP
 |- Actor Path: /Game/Maps/ThirdPersonMap.ThirdPersonMap:PersistentLevel.ExponentialHeightFog_0
 |- Actor Package: /Game/__ExternalActors__/Maps/ThirdPersonMap/D/70/VEM240MOJXJJ7YV9QJXKEA
 |- Actor Path: /Game/Maps/ThirdPersonMap.ThirdPersonMap:PersistentLevel.GameplayDebuggerPlayerManager_0
 |- Actor Package: /Game/Maps/ThirdPersonMap
 |- Actor Path: /Game/Maps/ThirdPersonMap.ThirdPersonMap:PersistentLevel.PlayerStart_0
 |- Actor Package: /Game/__ExternalActors__/Maps/ThirdPersonMap/0/9Z/OBHQTF8IORVT433VKL992W
 |- Actor Path: /Game/Maps/ThirdPersonMap.ThirdPersonMap:PersistentLevel.PostProcessVolume_0
 |- Actor Package: /Game/__ExternalActors__/Maps/ThirdPersonMap/4/VI/PDXA9Q02LMQ2U8KWXCKWUI
 |- Actor Path: /Game/Maps/ThirdPersonMap.ThirdPersonMap:PersistentLevel.RecastNavMesh_UAID_E0D55EDD9C7403DD01-Default
 |- Actor Package: /Game/__ExternalActors__/Maps/ThirdPersonMap/A/O9/IW9VINTXJGU31B0OKRP6SD
 |- Actor Path: /Game/Maps/ThirdPersonMap.ThirdPersonMap:PersistentLevel.SkyAtmosphere_0
 |- Actor Package: /Game/__ExternalActors__/Maps/ThirdPersonMap/C/QS/6I0TQQKGM2S7FVOKOWFBTW
 |- Actor Path: /Game/Maps/ThirdPersonMap.ThirdPersonMap:PersistentLevel.SkyLight_1
 |- Actor Package: /Game/__ExternalActors__/Maps/ThirdPersonMap/8/6M/OV8P6XY6MYN8XDC227RW7Q
 |- Actor Path: /Game/Maps/ThirdPersonMap.ThirdPersonMap:PersistentLevel.SkySphere_UAID_E0D55EDD9C7474D001_1740184230
 |- Actor Package: /Game/__ExternalActors__/Maps/ThirdPersonMap/5/MP/BUUPPEJU5EMXO7O0V9VE2L
 |- Actor Path: /Game/Maps/ThirdPersonMap.ThirdPersonMap:PersistentLevel.StaticMeshActor_UAID_E0D55EDD9C7478D001_2012532240
 |- Actor Package: /Game/__ExternalActors__/Maps/ThirdPersonMap/0/ZS/ZR42QC1SXTC017CI3GCWWC
 |- Actor Path: /Game/Maps/ThirdPersonMap.ThirdPersonMap:PersistentLevel.TargetPoint_UAID_E0D55EDD9C74C9DB01_1728329800
 |- Actor Package: /Game/__ExternalActors__/Maps/ThirdPersonMap/C/5I/W84ZZW1ZATQKS0G013HN6F
 |- Actor Path: /Game/Maps/ThirdPersonMap.ThirdPersonMap:PersistentLevel.TargetPoint_UAID_E0D55EDD9C74C9DB01_1806965802
 |- Actor Package: /Game/__ExternalActors__/Maps/ThirdPersonMap/D/V1/7CU8K31QJ3J5Y1UWU1LQ2D
 |- Actor Path: /Game/Maps/ThirdPersonMap.ThirdPersonMap:PersistentLevel.TargetPoint_UAID_E0D55EDD9C74C9DB01_1821106803
 |- Actor Package: /Game/__ExternalActors__/Maps/ThirdPersonMap/B/SK/XWNC4JSVSHMSOGK0Z3ERAB
 |- Actor Path: /Game/Maps/ThirdPersonMap.ThirdPersonMap:PersistentLevel.TargetPoint_UAID_E0D55EDD9C74C9DB01_1834690807
 |- Actor Package: /Game/__ExternalActors__/Maps/ThirdPersonMap/A/RJ/7VWGNTFYU1XST3Q9WYHZO5
 |- Actor Path: /Game/Maps/ThirdPersonMap.ThirdPersonMap:PersistentLevel.TargetPoint_UAID_E0D55EDD9C74C9DB01_1837266808
 |- Actor Package: /Game/__ExternalActors__/Maps/ThirdPersonMap/3/M2/KZA3ESMC168ALV8E5GWMRK
 |- Actor Path: /Game/Maps/ThirdPersonMap.ThirdPersonMap:PersistentLevel.ThirdPersonExampleMap_C_0
 |- Actor Package: /Game/Maps/ThirdPersonMap
 |- Actor Path: /Game/Maps/ThirdPersonMap.ThirdPersonMap:PersistentLevel.WorldDataLayers
 |- Actor Package: /Game/__ExternalActors__/Maps/ThirdPersonMap/3/UD/BB4MDNTU359RPOEOB0K97W
 |- Actor Path: /Game/Maps/ThirdPersonMap.ThirdPersonMap:PersistentLevel.WorldInfo_0
 |- Actor Package: /Game/Maps/ThirdPersonMap
 |- Actor Path: /Game/Maps/ThirdPersonMap.ThirdPersonMap:PersistentLevel.WorldPartitionMiniMap_0
 |- Actor Package: /Game/__ExternalActors__/Maps/ThirdPersonMap/E/JJ/FJ93PGBA64REAOI7YZUGHA

----------------------------------------------------------------------------------------------------------------
ThirdPersonMap - Runtime Spatial Hash - Streaming Grid - MainGrid
----------------------------------------------------------------------------------------------------------------
            Origin: X=0.000 Y=0.000 Z=0.000
         Cell Size: 12800
      World Bounds: IsValid=false, Min=(X=0.000 Y=0.000 Z=0.000), Max=(X=0.000 Y=0.000 Z=0.000)
     Loading Range: 25600.00
Block Slow Loading: No
 ClientOnlyVisible: No
            Origin: X=0.000 Y=0.000 Z=0.000

[+] Grid Levels: 1
 |- Level  0: Cell Count    0 | Cell Size   12800 | Actor Count    0 (0.0%)

[+] Content of Grid Level 0

