[+] Containers:
 |- [+] Container: /Game/Maps/ThirdPersonMap
 |   |- [+] ActorDescs:
 |   |   |- Guid:0A357FD74FDE48C5217DE4994E24DA75 BaseClass: NativeClass:/Script/NavigationSystem.RecastNavMesh Name:RecastNavMesh_UAID_E0D55EDD9C7403DD01-Default Label:RecastNavMesh-Default SpatiallyLoaded:0 Bounds:IsValid=true, Min=(X=0.000 Y=0.000 Z=0.000), Max=(X=0.000 Y=0.000 Z=0.000) RuntimeGrid:None EditorOnly:0 RuntimeOnly:0 HLODRelevant:0 ListedInSceneOutliner:1 IsMainWorldOnly:0 FolderPath:AI FolderGuid:0D13EA5C4DECD5310B42E78385C98C5E
 |   |   |- Guid:112114EC4711D64BBDD0918109AEAA75 BaseClass: NativeClass:/Script/Engine.StaticMeshActor Name:StaticMeshActor_UAID_E0D55EDD9C740BDD01_1709874487 Label:Cube11 SpatiallyLoaded:1 Bounds:IsValid=true, Min=(X=-12165.171 Y=40517.425 Z=10139.486), Max=(X=-11658.429 Y=41067.306 Z=10689.486) RuntimeGrid:None EditorOnly:0 RuntimeOnly:0 HLODRelevant:1 ListedInSceneOutliner:1 IsMainWorldOnly:0
 |   |   |- Guid:182A9B194E87DD92EB35A096EBEBEA42 BaseClass: NativeClass:/Script/Engine.StaticMeshActor Name:StaticMeshActor_UAID_E0D55EDD9C740ADD01_1547280302 Label:Cube3 SpatiallyLoaded:1 Bounds:IsValid=true, Min=(X=-11780.314 Y=37402.944 Z=10134.111), Max=(X=-11406.211 Y=37950.908 Z=10709.111) RuntimeGrid:None EditorOnly:0 RuntimeOnly:0 HLODRelevant:1 ListedInSceneOutliner:1 IsMainWorldOnly:0
 |   |   |- Guid:1AAFE9F44478300EF38D3DA0876FED2B BaseClass:/Game/CombatSystem/Blueprints/Actors/BP_PickupActor.BP_PickupActor_C NativeClass:/Script/Engine.Actor Name:BP_PickupActor_C_UAID_F4B52057818C7DCE01_1332909695 Label:BP_ThoughSword SpatiallyLoaded:1 Bounds:IsValid=true, Min=(X=-13904.000 Y=37960.917 Z=10107.398), Max=(X=-13696.000 Y=38168.917 Z=10319.862) RuntimeGrid:None EditorOnly:0 RuntimeOnly:0 HLODRelevant:0 ListedInSceneOutliner:1 IsMainWorldOnly:0 FolderPath:items FolderGuid:BCF127A844A409C094655786D05FBAD3
 |   |   |- Guid:295344A64ADC6B49B69C328D1D1AE053 BaseClass: NativeClass:/Script/Engine.TargetPoint Name:TargetPoint_UAID_E0D55EDD9C74C9DB01_1837266808 Label:TargetPoint5 SpatiallyLoaded:1 Bounds:IsValid=true, Min=(X=-10346.420 Y=35437.259 Z=10155.025), Max=(X=-10346.420 Y=35437.259 Z=10155.025) RuntimeGrid:None EditorOnly:0 RuntimeOnly:0 HLODRelevant:0 ListedInSceneOutliner:1 IsMainWorldOnly:0 FolderPath:AI FolderGuid:0D13EA5C4DECD5310B42E78385C98C5E
 |   |   |- Guid:2FB58999456391D349DC0F86DAC136ED BaseClass: NativeClass:/Script/Engine.SkyLight Name:SkyLight_1 Label:SkyLight SpatiallyLoaded:0 Bounds:IsValid=true, Min=(X=0.000 Y=29590.000 Z=7560.000), Max=(X=0.000 Y=29590.000 Z=7560.000) RuntimeGrid:None EditorOnly:0 RuntimeOnly:0 HLODRelevant:0 ListedInSceneOutliner:1 IsMainWorldOnly:0 FolderPath:cena padrao/Lighting FolderGuid:963EC3EB4002CCE9759E2EBA541A873A
 |   |   |- Guid:316CF2A6494ACA4C0E4180A87D36AB8F BaseClass: NativeClass:/Script/Engine.ExponentialHeightFog Name:ExponentialHeightFog_0 Label:ExponentialHeightFog SpatiallyLoaded:0 Bounds:IsValid=true, Min=(X=-5600.000 Y=-50.000 Z=-6630.000), Max=(X=-5600.000 Y=-50.000 Z=-6630.000) RuntimeGrid:None EditorOnly:0 RuntimeOnly:0 HLODRelevant:0 ListedInSceneOutliner:1 IsMainWorldOnly:0 FolderPath:cena padrao/Lighting FolderGuid:963EC3EB4002CCE9759E2EBA541A873A
 |   |   |- Guid:3A00AA1C422CE54C0BDB60BAF471BFBB BaseClass: NativeClass:/Script/Engine.PlayerStart Name:PlayerStart_0 Label:PlayerStart SpatiallyLoaded:0 Bounds:IsValid=true, Min=(X=-11406.058 Y=38120.000 Z=10150.013), Max=(X=-11326.058 Y=38200.000 Z=10334.013) RuntimeGrid:None EditorOnly:0 RuntimeOnly:0 HLODRelevant:0 ListedInSceneOutliner:1 IsMainWorldOnly:0 FolderPath:player e etc FolderGuid:B268072B430A50681A6FF4B84874B442
 |   |   |- Guid:3C30E67B479A32C7D9B3588774C1AF29 BaseClass:/Engine/EngineSky/BP_Sky_Sphere.BP_Sky_Sphere_C NativeClass:/Script/Engine.Actor Name:SkySphere_UAID_E0D55EDD9C7474D001_1740184230 Label:Sky Sphere SpatiallyLoaded:0 Bounds:IsValid=true, Min=(X=-1680881.172 Y=-1622755.465 Z=-1661047.438), Max=(X=1595918.828 Y=1654044.535 Z=1615752.562) RuntimeGrid:None EditorOnly:0 RuntimeOnly:0 HLODRelevant:0 ListedInSceneOutliner:1 IsMainWorldOnly:0 FolderPath:Lighting FolderGuid:963EC3EB4002CCE9759E2EBA541A873A
 |   |   |- Guid:4042D3204F90749C84EEB5A7480B155E BaseClass: NativeClass:/Script/Engine.TargetPoint Name:TargetPoint_UAID_E0D55EDD9C740BDD01_1889749491 Label:TargetPoint6 SpatiallyLoaded:1 Bounds:IsValid=true, Min=(X=-9375.422 Y=35437.259 Z=10155.025), Max=(X=-9375.422 Y=35437.259 Z=10155.025) RuntimeGrid:None EditorOnly:0 RuntimeOnly:0 HLODRelevant:0 ListedInSceneOutliner:1 IsMainWorldOnly:0 FolderPath:AI FolderGuid:0D13EA5C4DECD5310B42E78385C98C5E
 |   |   |- Guid:45986EC0498E4B6EEC38849346768924 BaseClass:/Game/CombatSystem/Blueprints/Actors/BP_PickupActor.BP_PickupActor_C NativeClass:/Script/Engine.Actor Name:BP_PickupActor_C_UAID_E0D55EDD9C7494D901_1574778363 Label:BP_Daggers SpatiallyLoaded:1 Bounds:IsValid=true, Min=(X=-13894.000 Y=37726.000 Z=10106.000), Max=(X=-13686.000 Y=37934.000 Z=10314.000) RuntimeGrid:None EditorOnly:0 RuntimeOnly:0 HLODRelevant:0 ListedInSceneOutliner:1 IsMainWorldOnly:0 FolderPath:items FolderGuid:BCF127A844A409C094655786D05FBAD3
 |   |   |- Guid:48EE45BA4A9CF1ACE14750ACB934365F BaseClass: NativeClass:/Script/Engine.TargetPoint Name:TargetPoint_UAID_E0D55EDD9C74C9DB01_1821106803 Label:TargetPoint3 SpatiallyLoaded:1 Bounds:IsValid=true, Min=(X=-12156.471 Y=38591.547 Z=10142.907), Max=(X=-12156.471 Y=38591.547 Z=10142.907) RuntimeGrid:None EditorOnly:0 RuntimeOnly:0 HLODRelevant:0 ListedInSceneOutliner:1 IsMainWorldOnly:0 FolderPath:AI FolderGuid:0D13EA5C4DECD5310B42E78385C98C5E
 |   |   |- Guid:58EA585F482DE4EDCD2F1A8F05259D2F BaseClass:/Game/CombatSystem/Blueprints/Actors/BP_PickupActor.BP_PickupActor_C NativeClass:/Script/Engine.Actor Name:BP_PickupActor_C_UAID_F4B52057818C7ECE01_1687605872 Label:BP_LongSword SpatiallyLoaded:1 Bounds:IsValid=true, Min=(X=-13874.000 Y=38236.000 Z=10086.000), Max=(X=-13666.000 Y=38444.000 Z=10377.313) RuntimeGrid:None EditorOnly:0 RuntimeOnly:0 HLODRelevant:0 ListedInSceneOutliner:1 IsMainWorldOnly:0 FolderPath:items FolderGuid:BCF127A844A409C094655786D05FBAD3
 |   |   |- Guid:5D510A5347C4B3555C78789F4B6E1A28 BaseClass: NativeClass:/Script/Engine.StaticMeshActor Name:StaticMeshActor_UAID_E0D55EDD9C740BDD01_1709875488 Label:Cube12 SpatiallyLoaded:1 Bounds:IsValid=true, Min=(X=-13247.351 Y=39226.313 Z=10139.486), Max=(X=-12740.608 Y=39776.194 Z=10689.486) RuntimeGrid:None EditorOnly:0 RuntimeOnly:0 HLODRelevant:1 ListedInSceneOutliner:1 IsMainWorldOnly:0
 |   |   |- Guid:64537F024445B8C5C3F4A0B520063481 BaseClass: NativeClass:/Script/Engine.StaticMeshActor Name:StaticMeshActor_UAID_E0D55EDD9C740ADD01_1667156306 Label:Cube7 SpatiallyLoaded:1 Bounds:IsValid=true, Min=(X=-12201.815 Y=36224.892 Z=10139.486), Max=(X=-11753.610 Y=36801.206 Z=10689.486) RuntimeGrid:None EditorOnly:0 RuntimeOnly:0 HLODRelevant:1 ListedInSceneOutliner:1 IsMainWorldOnly:0
 |   |   |- Guid:6920BBFF4414946D2092E8B652C9ED88 BaseClass: NativeClass:/Script/Engine.StaticMeshActor Name:StaticMeshActor_UAID_E0D55EDD9C740ADD01_1544667301 Label:Cube2 SpatiallyLoaded:1 Bounds:IsValid=true, Min=(X=-11395.726 Y=36736.320 Z=10134.111), Max=(X=-11021.624 Y=37284.284 Z=10709.111) RuntimeGrid:None EditorOnly:0 RuntimeOnly:0 HLODRelevant:1 ListedInSceneOutliner:1 IsMainWorldOnly:0
 |   |   |- Guid:6BAF4DDD444C60371492D3919DB42C97 BaseClass: NativeClass:/Script/Engine.WorldDataLayers Name:WorldDataLayers Label:WorldDataLayers SpatiallyLoaded:0 Bounds:Invalid RuntimeGrid:None EditorOnly:0 RuntimeOnly:0 HLODRelevant:0 ListedInSceneOutliner:1 IsMainWorldOnly:1 FolderPath:player e etc FolderGuid:B268072B430A50681A6FF4B84874B442
 |   |   |- Guid:6E32AAE647457D3F98BC208E3A4B4E18 BaseClass: NativeClass:/Script/Engine.StaticMeshActor Name:StaticMeshActor_UAID_E0D55EDD9C740ADD01_1660116305 Label:Cube6 SpatiallyLoaded:1 Bounds:IsValid=true, Min=(X=-12506.725 Y=35029.400 Z=10139.486), Max=(X=-12058.519 Y=35605.714 Z=10689.486) RuntimeGrid:None EditorOnly:0 RuntimeOnly:0 HLODRelevant:1 ListedInSceneOutliner:1 IsMainWorldOnly:0
 |   |   |- Guid:85E6C5B54FA18D8A163209A09851AB81 BaseClass: NativeClass:/Script/Engine.StaticMeshActor Name:StaticMeshActor_UAID_E0D55EDD9C7478D001_2012532240 Label:Plane SpatiallyLoaded:1 Bounds:IsValid=true, Min=(X=-15420.000 Y=35120.000 Z=10140.000), Max=(X=-9120.000 Y=41420.000 Z=10140.000) RuntimeGrid:None EditorOnly:0 RuntimeOnly:0 HLODRelevant:1 ListedInSceneOutliner:1 IsMainWorldOnly:0 FolderPath:Map FolderGuid:5BD2AD654A54C5915E5DD1B8B649EA1E
 |   |   |- Guid:863C7DF9425C835170807EBFE2010B62 BaseClass: NativeClass:/Script/Engine.StaticMeshActor Name:StaticMeshActor_UAID_E0D55EDD9C740ADD01_1555378304 Label:Cube5 SpatiallyLoaded:1 Bounds:IsValid=true, Min=(X=-13347.021 Y=36489.534 Z=10139.486), Max=(X=-12898.816 Y=37065.848 Z=10689.486) RuntimeGrid:None EditorOnly:0 RuntimeOnly:0 HLODRelevant:1 ListedInSceneOutliner:1 IsMainWorldOnly:0
 |   |   |- Guid:92B3752B45ACD215B0A3C9ADD952D6CF BaseClass: NativeClass:/Script/Engine.StaticMeshActor Name:StaticMeshActor_UAID_E0D55EDD9C740BDD01_1709873486 Label:Cube10 SpatiallyLoaded:1 Bounds:IsValid=true, Min=(X=-10764.227 Y=39408.042 Z=10134.111), Max=(X=-10318.019 Y=39912.797 Z=10709.111) RuntimeGrid:None EditorOnly:0 RuntimeOnly:0 HLODRelevant:1 ListedInSceneOutliner:1 IsMainWorldOnly:0
 |   |   |- Guid:984661CC4D7D950AF9B5828E84F23724 BaseClass: NativeClass:/Script/Engine.StaticMeshActor Name:StaticMeshActor_UAID_E0D55EDD9C740ADD01_1530995300 Label:Cube SpatiallyLoaded:1 Bounds:IsValid=true, Min=(X=-10926.559 Y=35925.918 Z=10134.111), Max=(X=-10552.457 Y=36473.883 Z=10709.111) RuntimeGrid:None EditorOnly:0 RuntimeOnly:0 HLODRelevant:1 ListedInSceneOutliner:1 IsMainWorldOnly:0
 |   |   |- Guid:A38CB0E74E3F7A6178C0678C3F76412B BaseClass: NativeClass:/Script/NavigationSystem.NavMeshBoundsVolume Name:NavMeshBoundsVolume_UAID_E0D55EDD9C7403DD01_1904472065 Label:NavMeshBoundsVolume SpatiallyLoaded:0 Bounds:IsValid=true, Min=(X=-15495.160 Y=35132.174 Z=10082.560), Max=(X=-8595.160 Y=41382.174 Z=10282.560) RuntimeGrid:None EditorOnly:0 RuntimeOnly:0 HLODRelevant:0 ListedInSceneOutliner:1 IsMainWorldOnly:0 FolderPath:AI FolderGuid:0D13EA5C4DECD5310B42E78385C98C5E
 |   |   |- Guid:A766514445F45302DB8BECA04EDBB9B4 BaseClass: NativeClass:/Script/Engine.TargetPoint Name:TargetPoint_UAID_E0D55EDD9C74C9DB01_1806965802 Label:TargetPoint2 SpatiallyLoaded:1 Bounds:IsValid=true, Min=(X=-10216.217 Y=40422.997 Z=10142.907), Max=(X=-10216.217 Y=40422.997 Z=10142.907) RuntimeGrid:None EditorOnly:0 RuntimeOnly:0 HLODRelevant:0 ListedInSceneOutliner:1 IsMainWorldOnly:0 FolderPath:AI FolderGuid:0D13EA5C4DECD5310B42E78385C98C5E
 |   |   |- Guid:AAAE5C6A4D46597022524B87AF7152AD BaseClass: NativeClass:/Script/Engine.StaticMeshActor Name:StaticMeshActor_UAID_E0D55EDD9C740BDD01_1709877490 Label:Cube14 SpatiallyLoaded:1 Bounds:IsValid=true, Min=(X=-12462.384 Y=39477.124 Z=10139.887), Max=(X=-11668.375 Y=40268.051 Z=10689.887) RuntimeGrid:None EditorOnly:0 RuntimeOnly:0 HLODRelevant:1 ListedInSceneOutliner:1 IsMainWorldOnly:0
 |   |   |- Guid:B3227F81496AFC2B0B2CE5B4B8CC1103 BaseClass: NativeClass:/Script/Engine.StaticMeshActor Name:StaticMeshActor_UAID_E0D55EDD9C740BDD01_1709872485 Label:Cube9 SpatiallyLoaded:1 Bounds:IsValid=true, Min=(X=-11259.111 Y=38818.649 Z=10134.111), Max=(X=-10812.904 Y=39323.403 Z=10709.111) RuntimeGrid:None EditorOnly:0 RuntimeOnly:0 HLODRelevant:1 ListedInSceneOutliner:1 IsMainWorldOnly:0
 |   |   |- Guid:B6D5D9E945788907854E3597EAF64158 BaseClass: NativeClass:/Script/Engine.TargetPoint Name:TargetPoint_UAID_E0D55EDD9C74C9DB01_1728329800 Label:TargetPoint SpatiallyLoaded:1 Bounds:IsValid=true, Min=(X=-9406.235 Y=38169.720 Z=10142.907), Max=(X=-9406.235 Y=38169.720 Z=10142.907) RuntimeGrid:None EditorOnly:0 RuntimeOnly:0 HLODRelevant:0 ListedInSceneOutliner:1 IsMainWorldOnly:0 FolderPath:AI FolderGuid:0D13EA5C4DECD5310B42E78385C98C5E
 |   |   |- Guid:B785ED2844B84CFB91E7F39FE661CD99 BaseClass: NativeClass:/Script/Engine.DirectionalLight Name:DirectionalLight_0 Label:DirectionalLight SpatiallyLoaded:0 Bounds:IsValid=true, Min=(X=-4398046511104.000 Y=-4398046511104.000 Z=-4398046511104.000), Max=(X=4398046511104.000 Y=4398046511104.000 Z=4398046511104.000) RuntimeGrid:None EditorOnly:0 RuntimeOnly:0 HLODRelevant:0 ListedInSceneOutliner:1 IsMainWorldOnly:0 FolderPath:cena padrao/Lighting FolderGuid:963EC3EB4002CCE9759E2EBA541A873A
 |   |   |- Guid:CCFF262C46EEFFDF319E7F9539CE697E BaseClass: NativeClass:/Script/Engine.SkyAtmosphere Name:SkyAtmosphere_0 Label:SkyAtmosphere SpatiallyLoaded:0 Bounds:IsValid=true, Min=(X=0.000 Y=0.000 Z=1020.000), Max=(X=0.000 Y=0.000 Z=1020.000) RuntimeGrid:None EditorOnly:0 RuntimeOnly:0 HLODRelevant:0 ListedInSceneOutliner:1 IsMainWorldOnly:0 FolderPath:Lighting FolderGuid:963EC3EB4002CCE9759E2EBA541A873A
 |   |   |- Guid:D45A75BD49A9D30DE809298827069F5B BaseClass: NativeClass:/Script/Engine.StaticMeshActor Name:StaticMeshActor_UAID_E0D55EDD9C740BDD01_1709870484 Label:Cube8 SpatiallyLoaded:1 Bounds:IsValid=true, Min=(X=-11860.175 Y=38100.603 Z=10134.111), Max=(X=-11413.968 Y=38605.357 Z=10709.111) RuntimeGrid:None EditorOnly:0 RuntimeOnly:0 HLODRelevant:1 ListedInSceneOutliner:1 IsMainWorldOnly:0
 |   |   |- Guid:E3E2224B437E683FCD44F091DFCDAE8A BaseClass: NativeClass:/Script/Engine.StaticMeshActor Name:StaticMeshActor_UAID_E0D55EDD9C740BDD01_1709876489 Label:Cube13 SpatiallyLoaded:1 Bounds:IsValid=true, Min=(X=-12021.246 Y=39349.996 Z=10139.486), Max=(X=-11514.504 Y=39899.878 Z=10689.486) RuntimeGrid:None EditorOnly:0 RuntimeOnly:0 HLODRelevant:1 ListedInSceneOutliner:1 IsMainWorldOnly:0
 |   |   |- Guid:F54EF0024E884D86F37F82B6996A0374 BaseClass: NativeClass:/Script/Engine.TargetPoint Name:TargetPoint_UAID_E0D55EDD9C74C9DB01_1834690807 Label:TargetPoint4 SpatiallyLoaded:1 Bounds:IsValid=true, Min=(X=-12896.035 Y=35993.748 Z=10004.491), Max=(X=-12896.035 Y=35993.748 Z=10004.491) RuntimeGrid:None EditorOnly:0 RuntimeOnly:0 HLODRelevant:0 ListedInSceneOutliner:1 IsMainWorldOnly:0 FolderPath:AI FolderGuid:0D13EA5C4DECD5310B42E78385C98C5E
 |   |   |- Guid:F5CE775346E971558AF3A0B83B3E1F2B BaseClass: NativeClass:/Script/Engine.StaticMeshActor Name:StaticMeshActor_UAID_E0D55EDD9C740ADD01_1687201307 Label:Cube4 SpatiallyLoaded:1 Bounds:IsValid=true, Min=(X=-12697.619 Y=35936.883 Z=10139.887), Max=(X=-11924.654 Y=36700.697 Z=10689.887) RuntimeGrid:None EditorOnly:0 RuntimeOnly:0 HLODRelevant:1 ListedInSceneOutliner:1 IsMainWorldOnly:0
 |   |   |- Guid:F5E3FEB3450C49844FD93DA8E083C8AD BaseClass: NativeClass:/Script/Engine.PostProcessVolume Name:PostProcessVolume_0 Label:PostProcessVolume SpatiallyLoaded:0 Bounds:IsValid=true, Min=(X=-1090.000 Y=0.000 Z=400.000), Max=(X=-890.000 Y=200.000 Z=600.000) RuntimeGrid:None EditorOnly:0 RuntimeOnly:0 HLODRelevant:0 ListedInSceneOutliner:1 IsMainWorldOnly:0 FolderPath:Lighting FolderGuid:963EC3EB4002CCE9759E2EBA541A873A
 |   |   |- Guid:F65D2D7B496F82B9ACAE75A26279EDC0 BaseClass:/Game/CombatSystem/Blueprints/AI/BP_HumanoidEnemy.BP_HumanoidEnemy_C NativeClass:/Script/Engine.Character Name:BP_HumanoidEnemy_C_UAID_E0D55EDD9C74C6DB01_1212344271 Label:BP_HumanoidEnemy SpatiallyLoaded:1 Bounds:IsValid=true, Min=(X=-9501.280 Y=38092.260 Z=10125.039), Max=(X=-9361.556 Y=38222.182 Z=10349.012) RuntimeGrid:None EditorOnly:0 RuntimeOnly:0 HLODRelevant:0 ListedInSceneOutliner:1 IsMainWorldOnly:0 FolderPath:AI FolderGuid:0D13EA5C4DECD5310B42E78385C98C5E
 |   |- [+] Clusters:
 |   |   |- [+] [  0]
 |   |   |   |- Guid:0A357FD74FDE48C5217DE4994E24DA75 BaseClass: NativeClass:/Script/NavigationSystem.RecastNavMesh Name:RecastNavMesh_UAID_E0D55EDD9C7403DD01-Default Label:RecastNavMesh-Default SpatiallyLoaded:0 Bounds:IsValid=true, Min=(X=0.000 Y=0.000 Z=0.000), Max=(X=0.000 Y=0.000 Z=0.000) RuntimeGrid:None EditorOnly:0 RuntimeOnly:0 HLODRelevant:0 ListedInSceneOutliner:1 IsMainWorldOnly:0 FolderPath:AI FolderGuid:0D13EA5C4DECD5310B42E78385C98C5E
 |   |   |- [+] [  1]
 |   |   |   |- Guid:112114EC4711D64BBDD0918109AEAA75 BaseClass: NativeClass:/Script/Engine.StaticMeshActor Name:StaticMeshActor_UAID_E0D55EDD9C740BDD01_1709874487 Label:Cube11 SpatiallyLoaded:1 Bounds:IsValid=true, Min=(X=-12165.171 Y=40517.425 Z=10139.486), Max=(X=-11658.429 Y=41067.306 Z=10689.486) RuntimeGrid:None EditorOnly:0 RuntimeOnly:0 HLODRelevant:1 ListedInSceneOutliner:1 IsMainWorldOnly:0
 |   |   |- [+] [  2]
 |   |   |   |- Guid:182A9B194E87DD92EB35A096EBEBEA42 BaseClass: NativeClass:/Script/Engine.StaticMeshActor Name:StaticMeshActor_UAID_E0D55EDD9C740ADD01_1547280302 Label:Cube3 SpatiallyLoaded:1 Bounds:IsValid=true, Min=(X=-11780.314 Y=37402.944 Z=10134.111), Max=(X=-11406.211 Y=37950.908 Z=10709.111) RuntimeGrid:None EditorOnly:0 RuntimeOnly:0 HLODRelevant:1 ListedInSceneOutliner:1 IsMainWorldOnly:0
 |   |   |- [+] [  3]
 |   |   |   |- Guid:1AAFE9F44478300EF38D3DA0876FED2B BaseClass:/Game/CombatSystem/Blueprints/Actors/BP_PickupActor.BP_PickupActor_C NativeClass:/Script/Engine.Actor Name:BP_PickupActor_C_UAID_F4B52057818C7DCE01_1332909695 Label:BP_ThoughSword SpatiallyLoaded:1 Bounds:IsValid=true, Min=(X=-13904.000 Y=37960.917 Z=10107.398), Max=(X=-13696.000 Y=38168.917 Z=10319.862) RuntimeGrid:None EditorOnly:0 RuntimeOnly:0 HLODRelevant:0 ListedInSceneOutliner:1 IsMainWorldOnly:0 FolderPath:items FolderGuid:BCF127A844A409C094655786D05FBAD3
 |   |   |- [+] [  4]
 |   |   |   |- Guid:295344A64ADC6B49B69C328D1D1AE053 BaseClass: NativeClass:/Script/Engine.TargetPoint Name:TargetPoint_UAID_E0D55EDD9C74C9DB01_1837266808 Label:TargetPoint5 SpatiallyLoaded:1 Bounds:IsValid=true, Min=(X=-10346.420 Y=35437.259 Z=10155.025), Max=(X=-10346.420 Y=35437.259 Z=10155.025) RuntimeGrid:None EditorOnly:0 RuntimeOnly:0 HLODRelevant:0 ListedInSceneOutliner:1 IsMainWorldOnly:0 FolderPath:AI FolderGuid:0D13EA5C4DECD5310B42E78385C98C5E
 |   |   |   |- Guid:4042D3204F90749C84EEB5A7480B155E BaseClass: NativeClass:/Script/Engine.TargetPoint Name:TargetPoint_UAID_E0D55EDD9C740BDD01_1889749491 Label:TargetPoint6 SpatiallyLoaded:1 Bounds:IsValid=true, Min=(X=-9375.422 Y=35437.259 Z=10155.025), Max=(X=-9375.422 Y=35437.259 Z=10155.025) RuntimeGrid:None EditorOnly:0 RuntimeOnly:0 HLODRelevant:0 ListedInSceneOutliner:1 IsMainWorldOnly:0 FolderPath:AI FolderGuid:0D13EA5C4DECD5310B42E78385C98C5E
 |   |   |   |- Guid:48EE45BA4A9CF1ACE14750ACB934365F BaseClass: NativeClass:/Script/Engine.TargetPoint Name:TargetPoint_UAID_E0D55EDD9C74C9DB01_1821106803 Label:TargetPoint3 SpatiallyLoaded:1 Bounds:IsValid=true, Min=(X=-12156.471 Y=38591.547 Z=10142.907), Max=(X=-12156.471 Y=38591.547 Z=10142.907) RuntimeGrid:None EditorOnly:0 RuntimeOnly:0 HLODRelevant:0 ListedInSceneOutliner:1 IsMainWorldOnly:0 FolderPath:AI FolderGuid:0D13EA5C4DECD5310B42E78385C98C5E
 |   |   |   |- Guid:A766514445F45302DB8BECA04EDBB9B4 BaseClass: NativeClass:/Script/Engine.TargetPoint Name:TargetPoint_UAID_E0D55EDD9C74C9DB01_1806965802 Label:TargetPoint2 SpatiallyLoaded:1 Bounds:IsValid=true, Min=(X=-10216.217 Y=40422.997 Z=10142.907), Max=(X=-10216.217 Y=40422.997 Z=10142.907) RuntimeGrid:None EditorOnly:0 RuntimeOnly:0 HLODRelevant:0 ListedInSceneOutliner:1 IsMainWorldOnly:0 FolderPath:AI FolderGuid:0D13EA5C4DECD5310B42E78385C98C5E
 |   |   |   |- Guid:B6D5D9E945788907854E3597EAF64158 BaseClass: NativeClass:/Script/Engine.TargetPoint Name:TargetPoint_UAID_E0D55EDD9C74C9DB01_1728329800 Label:TargetPoint SpatiallyLoaded:1 Bounds:IsValid=true, Min=(X=-9406.235 Y=38169.720 Z=10142.907), Max=(X=-9406.235 Y=38169.720 Z=10142.907) RuntimeGrid:None EditorOnly:0 RuntimeOnly:0 HLODRelevant:0 ListedInSceneOutliner:1 IsMainWorldOnly:0 FolderPath:AI FolderGuid:0D13EA5C4DECD5310B42E78385C98C5E
 |   |   |   |- Guid:F54EF0024E884D86F37F82B6996A0374 BaseClass: NativeClass:/Script/Engine.TargetPoint Name:TargetPoint_UAID_E0D55EDD9C74C9DB01_1834690807 Label:TargetPoint4 SpatiallyLoaded:1 Bounds:IsValid=true, Min=(X=-12896.035 Y=35993.748 Z=10004.491), Max=(X=-12896.035 Y=35993.748 Z=10004.491) RuntimeGrid:None EditorOnly:0 RuntimeOnly:0 HLODRelevant:0 ListedInSceneOutliner:1 IsMainWorldOnly:0 FolderPath:AI FolderGuid:0D13EA5C4DECD5310B42E78385C98C5E
 |   |   |   |- Guid:F65D2D7B496F82B9ACAE75A26279EDC0 BaseClass:/Game/CombatSystem/Blueprints/AI/BP_HumanoidEnemy.BP_HumanoidEnemy_C NativeClass:/Script/Engine.Character Name:BP_HumanoidEnemy_C_UAID_E0D55EDD9C74C6DB01_1212344271 Label:BP_HumanoidEnemy SpatiallyLoaded:1 Bounds:IsValid=true, Min=(X=-9501.280 Y=38092.260 Z=10125.039), Max=(X=-9361.556 Y=38222.182 Z=10349.012) RuntimeGrid:None EditorOnly:0 RuntimeOnly:0 HLODRelevant:0 ListedInSceneOutliner:1 IsMainWorldOnly:0 FolderPath:AI FolderGuid:0D13EA5C4DECD5310B42E78385C98C5E
 |   |   |- [+] [  5]
 |   |   |   |- Guid:2FB58999456391D349DC0F86DAC136ED BaseClass: NativeClass:/Script/Engine.SkyLight Name:SkyLight_1 Label:SkyLight SpatiallyLoaded:0 Bounds:IsValid=true, Min=(X=0.000 Y=29590.000 Z=7560.000), Max=(X=0.000 Y=29590.000 Z=7560.000) RuntimeGrid:None EditorOnly:0 RuntimeOnly:0 HLODRelevant:0 ListedInSceneOutliner:1 IsMainWorldOnly:0 FolderPath:cena padrao/Lighting FolderGuid:963EC3EB4002CCE9759E2EBA541A873A
 |   |   |- [+] [  6]
 |   |   |   |- Guid:316CF2A6494ACA4C0E4180A87D36AB8F BaseClass: NativeClass:/Script/Engine.ExponentialHeightFog Name:ExponentialHeightFog_0 Label:ExponentialHeightFog SpatiallyLoaded:0 Bounds:IsValid=true, Min=(X=-5600.000 Y=-50.000 Z=-6630.000), Max=(X=-5600.000 Y=-50.000 Z=-6630.000) RuntimeGrid:None EditorOnly:0 RuntimeOnly:0 HLODRelevant:0 ListedInSceneOutliner:1 IsMainWorldOnly:0 FolderPath:cena padrao/Lighting FolderGuid:963EC3EB4002CCE9759E2EBA541A873A
 |   |   |- [+] [  7]
 |   |   |   |- Guid:3A00AA1C422CE54C0BDB60BAF471BFBB BaseClass: NativeClass:/Script/Engine.PlayerStart Name:PlayerStart_0 Label:PlayerStart SpatiallyLoaded:0 Bounds:IsValid=true, Min=(X=-11406.058 Y=38120.000 Z=10150.013), Max=(X=-11326.058 Y=38200.000 Z=10334.013) RuntimeGrid:None EditorOnly:0 RuntimeOnly:0 HLODRelevant:0 ListedInSceneOutliner:1 IsMainWorldOnly:0 FolderPath:player e etc FolderGuid:B268072B430A50681A6FF4B84874B442
 |   |   |- [+] [  8]
 |   |   |   |- Guid:3C30E67B479A32C7D9B3588774C1AF29 BaseClass:/Engine/EngineSky/BP_Sky_Sphere.BP_Sky_Sphere_C NativeClass:/Script/Engine.Actor Name:SkySphere_UAID_E0D55EDD9C7474D001_1740184230 Label:Sky Sphere SpatiallyLoaded:0 Bounds:IsValid=true, Min=(X=-1680881.172 Y=-1622755.465 Z=-1661047.438), Max=(X=1595918.828 Y=1654044.535 Z=1615752.562) RuntimeGrid:None EditorOnly:0 RuntimeOnly:0 HLODRelevant:0 ListedInSceneOutliner:1 IsMainWorldOnly:0 FolderPath:Lighting FolderGuid:963EC3EB4002CCE9759E2EBA541A873A
 |   |   |- [+] [  9]
 |   |   |   |- Guid:45986EC0498E4B6EEC38849346768924 BaseClass:/Game/CombatSystem/Blueprints/Actors/BP_PickupActor.BP_PickupActor_C NativeClass:/Script/Engine.Actor Name:BP_PickupActor_C_UAID_E0D55EDD9C7494D901_1574778363 Label:BP_Daggers SpatiallyLoaded:1 Bounds:IsValid=true, Min=(X=-13894.000 Y=37726.000 Z=10106.000), Max=(X=-13686.000 Y=37934.000 Z=10314.000) RuntimeGrid:None EditorOnly:0 RuntimeOnly:0 HLODRelevant:0 ListedInSceneOutliner:1 IsMainWorldOnly:0 FolderPath:items FolderGuid:BCF127A844A409C094655786D05FBAD3
 |   |   |- [+] [ 10]
 |   |   |   |- Guid:58EA585F482DE4EDCD2F1A8F05259D2F BaseClass:/Game/CombatSystem/Blueprints/Actors/BP_PickupActor.BP_PickupActor_C NativeClass:/Script/Engine.Actor Name:BP_PickupActor_C_UAID_F4B52057818C7ECE01_1687605872 Label:BP_LongSword SpatiallyLoaded:1 Bounds:IsValid=true, Min=(X=-13874.000 Y=38236.000 Z=10086.000), Max=(X=-13666.000 Y=38444.000 Z=10377.313) RuntimeGrid:None EditorOnly:0 RuntimeOnly:0 HLODRelevant:0 ListedInSceneOutliner:1 IsMainWorldOnly:0 FolderPath:items FolderGuid:BCF127A844A409C094655786D05FBAD3
 |   |   |- [+] [ 11]
 |   |   |   |- Guid:5D510A5347C4B3555C78789F4B6E1A28 BaseClass: NativeClass:/Script/Engine.StaticMeshActor Name:StaticMeshActor_UAID_E0D55EDD9C740BDD01_1709875488 Label:Cube12 SpatiallyLoaded:1 Bounds:IsValid=true, Min=(X=-13247.351 Y=39226.313 Z=10139.486), Max=(X=-12740.608 Y=39776.194 Z=10689.486) RuntimeGrid:None EditorOnly:0 RuntimeOnly:0 HLODRelevant:1 ListedInSceneOutliner:1 IsMainWorldOnly:0
 |   |   |- [+] [ 12]
 |   |   |   |- Guid:64537F024445B8C5C3F4A0B520063481 BaseClass: NativeClass:/Script/Engine.StaticMeshActor Name:StaticMeshActor_UAID_E0D55EDD9C740ADD01_1667156306 Label:Cube7 SpatiallyLoaded:1 Bounds:IsValid=true, Min=(X=-12201.815 Y=36224.892 Z=10139.486), Max=(X=-11753.610 Y=36801.206 Z=10689.486) RuntimeGrid:None EditorOnly:0 RuntimeOnly:0 HLODRelevant:1 ListedInSceneOutliner:1 IsMainWorldOnly:0
 |   |   |- [+] [ 13]
 |   |   |   |- Guid:6920BBFF4414946D2092E8B652C9ED88 BaseClass: NativeClass:/Script/Engine.StaticMeshActor Name:StaticMeshActor_UAID_E0D55EDD9C740ADD01_1544667301 Label:Cube2 SpatiallyLoaded:1 Bounds:IsValid=true, Min=(X=-11395.726 Y=36736.320 Z=10134.111), Max=(X=-11021.624 Y=37284.284 Z=10709.111) RuntimeGrid:None EditorOnly:0 RuntimeOnly:0 HLODRelevant:1 ListedInSceneOutliner:1 IsMainWorldOnly:0
 |   |   |- [+] [ 14]
 |   |   |   |- Guid:6BAF4DDD444C60371492D3919DB42C97 BaseClass: NativeClass:/Script/Engine.WorldDataLayers Name:WorldDataLayers Label:WorldDataLayers SpatiallyLoaded:0 Bounds:Invalid RuntimeGrid:None EditorOnly:0 RuntimeOnly:0 HLODRelevant:0 ListedInSceneOutliner:1 IsMainWorldOnly:1 FolderPath:player e etc FolderGuid:B268072B430A50681A6FF4B84874B442
 |   |   |- [+] [ 15]
 |   |   |   |- Guid:6E32AAE647457D3F98BC208E3A4B4E18 BaseClass: NativeClass:/Script/Engine.StaticMeshActor Name:StaticMeshActor_UAID_E0D55EDD9C740ADD01_1660116305 Label:Cube6 SpatiallyLoaded:1 Bounds:IsValid=true, Min=(X=-12506.725 Y=35029.400 Z=10139.486), Max=(X=-12058.519 Y=35605.714 Z=10689.486) RuntimeGrid:None EditorOnly:0 RuntimeOnly:0 HLODRelevant:1 ListedInSceneOutliner:1 IsMainWorldOnly:0
 |   |   |- [+] [ 16]
 |   |   |   |- Guid:85E6C5B54FA18D8A163209A09851AB81 BaseClass: NativeClass:/Script/Engine.StaticMeshActor Name:StaticMeshActor_UAID_E0D55EDD9C7478D001_2012532240 Label:Plane SpatiallyLoaded:1 Bounds:IsValid=true, Min=(X=-15420.000 Y=35120.000 Z=10140.000), Max=(X=-9120.000 Y=41420.000 Z=10140.000) RuntimeGrid:None EditorOnly:0 RuntimeOnly:0 HLODRelevant:1 ListedInSceneOutliner:1 IsMainWorldOnly:0 FolderPath:Map FolderGuid:5BD2AD654A54C5915E5DD1B8B649EA1E
 |   |   |- [+] [ 17]
 |   |   |   |- Guid:863C7DF9425C835170807EBFE2010B62 BaseClass: NativeClass:/Script/Engine.StaticMeshActor Name:StaticMeshActor_UAID_E0D55EDD9C740ADD01_1555378304 Label:Cube5 SpatiallyLoaded:1 Bounds:IsValid=true, Min=(X=-13347.021 Y=36489.534 Z=10139.486), Max=(X=-12898.816 Y=37065.848 Z=10689.486) RuntimeGrid:None EditorOnly:0 RuntimeOnly:0 HLODRelevant:1 ListedInSceneOutliner:1 IsMainWorldOnly:0
 |   |   |- [+] [ 18]
 |   |   |   |- Guid:92B3752B45ACD215B0A3C9ADD952D6CF BaseClass: NativeClass:/Script/Engine.StaticMeshActor Name:StaticMeshActor_UAID_E0D55EDD9C740BDD01_1709873486 Label:Cube10 SpatiallyLoaded:1 Bounds:IsValid=true, Min=(X=-10764.227 Y=39408.042 Z=10134.111), Max=(X=-10318.019 Y=39912.797 Z=10709.111) RuntimeGrid:None EditorOnly:0 RuntimeOnly:0 HLODRelevant:1 ListedInSceneOutliner:1 IsMainWorldOnly:0
 |   |   |- [+] [ 19]
 |   |   |   |- Guid:984661CC4D7D950AF9B5828E84F23724 BaseClass: NativeClass:/Script/Engine.StaticMeshActor Name:StaticMeshActor_UAID_E0D55EDD9C740ADD01_1530995300 Label:Cube SpatiallyLoaded:1 Bounds:IsValid=true, Min=(X=-10926.559 Y=35925.918 Z=10134.111), Max=(X=-10552.457 Y=36473.883 Z=10709.111) RuntimeGrid:None EditorOnly:0 RuntimeOnly:0 HLODRelevant:1 ListedInSceneOutliner:1 IsMainWorldOnly:0
 |   |   |- [+] [ 20]
 |   |   |   |- Guid:A38CB0E74E3F7A6178C0678C3F76412B BaseClass: NativeClass:/Script/NavigationSystem.NavMeshBoundsVolume Name:NavMeshBoundsVolume_UAID_E0D55EDD9C7403DD01_1904472065 Label:NavMeshBoundsVolume SpatiallyLoaded:0 Bounds:IsValid=true, Min=(X=-15495.160 Y=35132.174 Z=10082.560), Max=(X=-8595.160 Y=41382.174 Z=10282.560) RuntimeGrid:None EditorOnly:0 RuntimeOnly:0 HLODRelevant:0 ListedInSceneOutliner:1 IsMainWorldOnly:0 FolderPath:AI FolderGuid:0D13EA5C4DECD5310B42E78385C98C5E
 |   |   |- [+] [ 21]
 |   |   |   |- Guid:AAAE5C6A4D46597022524B87AF7152AD BaseClass: NativeClass:/Script/Engine.StaticMeshActor Name:StaticMeshActor_UAID_E0D55EDD9C740BDD01_1709877490 Label:Cube14 SpatiallyLoaded:1 Bounds:IsValid=true, Min=(X=-12462.384 Y=39477.124 Z=10139.887), Max=(X=-11668.375 Y=40268.051 Z=10689.887) RuntimeGrid:None EditorOnly:0 RuntimeOnly:0 HLODRelevant:1 ListedInSceneOutliner:1 IsMainWorldOnly:0
 |   |   |- [+] [ 22]
 |   |   |   |- Guid:B3227F81496AFC2B0B2CE5B4B8CC1103 BaseClass: NativeClass:/Script/Engine.StaticMeshActor Name:StaticMeshActor_UAID_E0D55EDD9C740BDD01_1709872485 Label:Cube9 SpatiallyLoaded:1 Bounds:IsValid=true, Min=(X=-11259.111 Y=38818.649 Z=10134.111), Max=(X=-10812.904 Y=39323.403 Z=10709.111) RuntimeGrid:None EditorOnly:0 RuntimeOnly:0 HLODRelevant:1 ListedInSceneOutliner:1 IsMainWorldOnly:0
 |   |   |- [+] [ 23]
 |   |   |   |- Guid:B785ED2844B84CFB91E7F39FE661CD99 BaseClass: NativeClass:/Script/Engine.DirectionalLight Name:DirectionalLight_0 Label:DirectionalLight SpatiallyLoaded:0 Bounds:IsValid=true, Min=(X=-4398046511104.000 Y=-4398046511104.000 Z=-4398046511104.000), Max=(X=4398046511104.000 Y=4398046511104.000 Z=4398046511104.000) RuntimeGrid:None EditorOnly:0 RuntimeOnly:0 HLODRelevant:0 ListedInSceneOutliner:1 IsMainWorldOnly:0 FolderPath:cena padrao/Lighting FolderGuid:963EC3EB4002CCE9759E2EBA541A873A
 |   |   |- [+] [ 24]
 |   |   |   |- Guid:CCFF262C46EEFFDF319E7F9539CE697E BaseClass: NativeClass:/Script/Engine.SkyAtmosphere Name:SkyAtmosphere_0 Label:SkyAtmosphere SpatiallyLoaded:0 Bounds:IsValid=true, Min=(X=0.000 Y=0.000 Z=1020.000), Max=(X=0.000 Y=0.000 Z=1020.000) RuntimeGrid:None EditorOnly:0 RuntimeOnly:0 HLODRelevant:0 ListedInSceneOutliner:1 IsMainWorldOnly:0 FolderPath:Lighting FolderGuid:963EC3EB4002CCE9759E2EBA541A873A
 |   |   |- [+] [ 25]
 |   |   |   |- Guid:D45A75BD49A9D30DE809298827069F5B BaseClass: NativeClass:/Script/Engine.StaticMeshActor Name:StaticMeshActor_UAID_E0D55EDD9C740BDD01_1709870484 Label:Cube8 SpatiallyLoaded:1 Bounds:IsValid=true, Min=(X=-11860.175 Y=38100.603 Z=10134.111), Max=(X=-11413.968 Y=38605.357 Z=10709.111) RuntimeGrid:None EditorOnly:0 RuntimeOnly:0 HLODRelevant:1 ListedInSceneOutliner:1 IsMainWorldOnly:0
 |   |   |- [+] [ 26]
 |   |   |   |- Guid:E3E2224B437E683FCD44F091DFCDAE8A BaseClass: NativeClass:/Script/Engine.StaticMeshActor Name:StaticMeshActor_UAID_E0D55EDD9C740BDD01_1709876489 Label:Cube13 SpatiallyLoaded:1 Bounds:IsValid=true, Min=(X=-12021.246 Y=39349.996 Z=10139.486), Max=(X=-11514.504 Y=39899.878 Z=10689.486) RuntimeGrid:None EditorOnly:0 RuntimeOnly:0 HLODRelevant:1 ListedInSceneOutliner:1 IsMainWorldOnly:0
 |   |   |- [+] [ 27]
 |   |   |   |- Guid:F5CE775346E971558AF3A0B83B3E1F2B BaseClass: NativeClass:/Script/Engine.StaticMeshActor Name:StaticMeshActor_UAID_E0D55EDD9C740ADD01_1687201307 Label:Cube4 SpatiallyLoaded:1 Bounds:IsValid=true, Min=(X=-12697.619 Y=35936.883 Z=10139.887), Max=(X=-11924.654 Y=36700.697 Z=10689.887) RuntimeGrid:None EditorOnly:0 RuntimeOnly:0 HLODRelevant:1 ListedInSceneOutliner:1 IsMainWorldOnly:0
 |   |   |- [+] [ 28]
 |   |   |   |- Guid:F5E3FEB3450C49844FD93DA8E083C8AD BaseClass: NativeClass:/Script/Engine.PostProcessVolume Name:PostProcessVolume_0 Label:PostProcessVolume SpatiallyLoaded:0 Bounds:IsValid=true, Min=(X=-1090.000 Y=0.000 Z=400.000), Max=(X=-890.000 Y=200.000 Z=600.000) RuntimeGrid:None EditorOnly:0 RuntimeOnly:0 HLODRelevant:0 ListedInSceneOutliner:1 IsMainWorldOnly:0 FolderPath:Lighting FolderGuid:963EC3EB4002CCE9759E2EBA541A873A
 |- ContainerInstances:
 |- [+] MainContainer:
 |   |-        ID: 00000000000000000000000000000000
 |   |-  ParentID: 00000000000000000000000000000000
 |   |-    Bounds: IsValid=false, Min=(X=0.000 Y=0.000 Z=0.000), Max=(X=0.000 Y=0.000 Z=0.000)
 |   |- Transform: 0.000000,0.000000,0.000000|0.000000,0.000000,-0.000000|1.000000,1.000000,1.000000
 |   |- Container: /Game/Maps/ThirdPersonMap
----------------------------------------------------------------------------------------------------------------
ThirdPersonMap - Persistent Level
----------------------------------------------------------------------------------------------------------------
[+] Content of ThirdPersonMap Persistent Level
 |- Always loaded Actor Count: 42 
 |- Actor Path: /Game/Maps/ThirdPersonMap.ThirdPersonMap:PersistentLevel.AbstractNavData-Default
 |- Actor Package: /Game/Maps/ThirdPersonMap
 |- Actor Path: /Game/Maps/ThirdPersonMap.ThirdPersonMap:PersistentLevel.BP_HumanoidEnemy_C_UAID_E0D55EDD9C74C6DB01_1212344271
 |- Actor Package: /Game/__ExternalActors__/Maps/ThirdPersonMap/1/E2/VBWSMEASBCMF6CUP1QJY6C
 |- Actor Path: /Game/Maps/ThirdPersonMap.ThirdPersonMap:PersistentLevel.BP_PickupActor_C_UAID_E0D55EDD9C7494D901_1574778363
 |- Actor Package: /Game/__ExternalActors__/Maps/ThirdPersonMap/5/TB/TC9IXQ530FBV16SFUBUMKS
 |- Actor Path: /Game/Maps/ThirdPersonMap.ThirdPersonMap:PersistentLevel.BP_PickupActor_C_UAID_F4B52057818C7DCE01_1332909695
 |- Actor Package: /Game/__ExternalActors__/Maps/ThirdPersonMap/9/V4/4DZ5Z0J3RYWS67O4NF6G52
 |- Actor Path: /Game/Maps/ThirdPersonMap.ThirdPersonMap:PersistentLevel.BP_PickupActor_C_UAID_F4B52057818C7ECE01_1687605872
 |- Actor Package: /Game/__ExternalActors__/Maps/ThirdPersonMap/9/NW/O3E2VMQWL2D37SLH47FWHP
 |- Actor Path: /Game/Maps/ThirdPersonMap.ThirdPersonMap:PersistentLevel.Brush_0
 |- Actor Package: /Game/Maps/ThirdPersonMap
 |- Actor Path: /Game/Maps/ThirdPersonMap.ThirdPersonMap:PersistentLevel.DefaultPhysicsVolume_0
 |- Actor Package: /Game/Maps/ThirdPersonMap
 |- Actor Path: /Game/Maps/ThirdPersonMap.ThirdPersonMap:PersistentLevel.DirectionalLight_0
 |- Actor Package: /Game/__ExternalActors__/Maps/ThirdPersonMap/C/IZ/F47RIT6PBRGD3VFHIO4PVP
 |- Actor Path: /Game/Maps/ThirdPersonMap.ThirdPersonMap:PersistentLevel.ExponentialHeightFog_0
 |- Actor Package: /Game/__ExternalActors__/Maps/ThirdPersonMap/D/70/VEM240MOJXJJ7YV9QJXKEA
 |- Actor Path: /Game/Maps/ThirdPersonMap.ThirdPersonMap:PersistentLevel.GameplayDebuggerPlayerManager_0
 |- Actor Package: /Game/Maps/ThirdPersonMap
 |- Actor Path: /Game/Maps/ThirdPersonMap.ThirdPersonMap:PersistentLevel.NavMeshBoundsVolume_UAID_E0D55EDD9C7403DD01_1904472065
 |- Actor Package: /Game/__ExternalActors__/Maps/ThirdPersonMap/4/8M/VA9HLZB98FP3SGBZ0FAJ3U
 |- Actor Path: /Game/Maps/ThirdPersonMap.ThirdPersonMap:PersistentLevel.PlayerStart_0
 |- Actor Package: /Game/__ExternalActors__/Maps/ThirdPersonMap/0/9Z/OBHQTF8IORVT433VKL992W
 |- Actor Path: /Game/Maps/ThirdPersonMap.ThirdPersonMap:PersistentLevel.PostProcessVolume_0
 |- Actor Package: /Game/__ExternalActors__/Maps/ThirdPersonMap/4/VI/PDXA9Q02LMQ2U8KWXCKWUI
 |- Actor Path: /Game/Maps/ThirdPersonMap.ThirdPersonMap:PersistentLevel.RecastNavMesh_UAID_E0D55EDD9C7403DD01-Default
 |- Actor Package: /Game/__ExternalActors__/Maps/ThirdPersonMap/A/O9/IW9VINTXJGU31B0OKRP6SD
 |- Actor Path: /Game/Maps/ThirdPersonMap.ThirdPersonMap:PersistentLevel.SkyAtmosphere_0
 |- Actor Package: /Game/__ExternalActors__/Maps/ThirdPersonMap/C/QS/6I0TQQKGM2S7FVOKOWFBTW
 |- Actor Path: /Game/Maps/ThirdPersonMap.ThirdPersonMap:PersistentLevel.SkyLight_1
 |- Actor Package: /Game/__ExternalActors__/Maps/ThirdPersonMap/8/6M/OV8P6XY6MYN8XDC227RW7Q
 |- Actor Path: /Game/Maps/ThirdPersonMap.ThirdPersonMap:PersistentLevel.SkySphere_UAID_E0D55EDD9C7474D001_1740184230
 |- Actor Package: /Game/__ExternalActors__/Maps/ThirdPersonMap/5/MP/BUUPPEJU5EMXO7O0V9VE2L
 |- Actor Path: /Game/Maps/ThirdPersonMap.ThirdPersonMap:PersistentLevel.StaticMeshActor_UAID_E0D55EDD9C740ADD01_1530995300
 |- Actor Package: /Game/__ExternalActors__/Maps/ThirdPersonMap/6/YR/5LMSZQQ098VKWNC1HLHBS5
 |- Actor Path: /Game/Maps/ThirdPersonMap.ThirdPersonMap:PersistentLevel.StaticMeshActor_UAID_E0D55EDD9C740ADD01_1544667301
 |- Actor Package: /Game/__ExternalActors__/Maps/ThirdPersonMap/3/A8/JQCMBGP8RTSR9SSGA2V6ZV
 |- Actor Path: /Game/Maps/ThirdPersonMap.ThirdPersonMap:PersistentLevel.StaticMeshActor_UAID_E0D55EDD9C740ADD01_1547280302
 |- Actor Package: /Game/__ExternalActors__/Maps/ThirdPersonMap/3/35/HXOB2N6A5BVISJKV7BP2T8
 |- Actor Path: /Game/Maps/ThirdPersonMap.ThirdPersonMap:PersistentLevel.StaticMeshActor_UAID_E0D55EDD9C740ADD01_1555378304
 |- Actor Package: /Game/__ExternalActors__/Maps/ThirdPersonMap/4/62/87KHGZW97BFYONCXCIRA04
 |- Actor Path: /Game/Maps/ThirdPersonMap.ThirdPersonMap:PersistentLevel.StaticMeshActor_UAID_E0D55EDD9C740ADD01_1660116305
 |- Actor Package: /Game/__ExternalActors__/Maps/ThirdPersonMap/6/5D/X7HX5CYH3BJJWCROHACML0
 |- Actor Path: /Game/Maps/ThirdPersonMap.ThirdPersonMap:PersistentLevel.StaticMeshActor_UAID_E0D55EDD9C740ADD01_1667156306
 |- Actor Package: /Game/__ExternalActors__/Maps/ThirdPersonMap/0/12/F6N6GNFKO3V6XCB7JVRQZH
 |- Actor Path: /Game/Maps/ThirdPersonMap.ThirdPersonMap:PersistentLevel.StaticMeshActor_UAID_E0D55EDD9C740ADD01_1687201307
 |- Actor Package: /Game/__ExternalActors__/Maps/ThirdPersonMap/4/93/SVLH36T9BD5V62XNHT9GAU
 |- Actor Path: /Game/Maps/ThirdPersonMap.ThirdPersonMap:PersistentLevel.StaticMeshActor_UAID_E0D55EDD9C740BDD01_1709870484
 |- Actor Package: /Game/__ExternalActors__/Maps/ThirdPersonMap/8/GW/7YG4GEEGP9GIC85U8UOZCH
 |- Actor Path: /Game/Maps/ThirdPersonMap.ThirdPersonMap:PersistentLevel.StaticMeshActor_UAID_E0D55EDD9C740BDD01_1709872485
 |- Actor Package: /Game/__ExternalActors__/Maps/ThirdPersonMap/1/Q7/VG05Z0RN0LQN7C0T6I1EGU
 |- Actor Path: /Game/Maps/ThirdPersonMap.ThirdPersonMap:PersistentLevel.StaticMeshActor_UAID_E0D55EDD9C740BDD01_1709873486
 |- Actor Package: /Game/__ExternalActors__/Maps/ThirdPersonMap/A/C6/AXIJDSDJ56RWC6K1WX63ZR
 |- Actor Path: /Game/Maps/ThirdPersonMap.ThirdPersonMap:PersistentLevel.StaticMeshActor_UAID_E0D55EDD9C740BDD01_1709874487
 |- Actor Package: /Game/__ExternalActors__/Maps/ThirdPersonMap/4/6C/MWSEK2N102ICG0QFCSPR7Y
 |- Actor Path: /Game/Maps/ThirdPersonMap.ThirdPersonMap:PersistentLevel.StaticMeshActor_UAID_E0D55EDD9C740BDD01_1709875488
 |- Actor Package: /Game/__ExternalActors__/Maps/ThirdPersonMap/7/1Z/X02CKOBX5J6VEQHPLDCP95
 |- Actor Path: /Game/Maps/ThirdPersonMap.ThirdPersonMap:PersistentLevel.StaticMeshActor_UAID_E0D55EDD9C740BDD01_1709876489
 |- Actor Package: /Game/__ExternalActors__/Maps/ThirdPersonMap/C/ML/JTQ0ANECEMB302VKLSXG3Y
 |- Actor Path: /Game/Maps/ThirdPersonMap.ThirdPersonMap:PersistentLevel.StaticMeshActor_UAID_E0D55EDD9C740BDD01_1709877490
 |- Actor Package: /Game/__ExternalActors__/Maps/ThirdPersonMap/B/I9/MWEFIVY5D4G38KTVII0SP7
 |- Actor Path: /Game/Maps/ThirdPersonMap.ThirdPersonMap:PersistentLevel.StaticMeshActor_UAID_E0D55EDD9C7478D001_2012532240
 |- Actor Package: /Game/__ExternalActors__/Maps/ThirdPersonMap/0/ZS/ZR42QC1SXTC017CI3GCWWC
 |- Actor Path: /Game/Maps/ThirdPersonMap.ThirdPersonMap:PersistentLevel.TargetPoint_UAID_E0D55EDD9C740BDD01_1889749491
 |- Actor Package: /Game/__ExternalActors__/Maps/ThirdPersonMap/F/3I/2IBQOJMI09BMFJ3MMM47U4
 |- Actor Path: /Game/Maps/ThirdPersonMap.ThirdPersonMap:PersistentLevel.TargetPoint_UAID_E0D55EDD9C74C9DB01_1728329800
 |- Actor Package: /Game/__ExternalActors__/Maps/ThirdPersonMap/C/5I/W84ZZW1ZATQKS0G013HN6F
 |- Actor Path: /Game/Maps/ThirdPersonMap.ThirdPersonMap:PersistentLevel.TargetPoint_UAID_E0D55EDD9C74C9DB01_1806965802
 |- Actor Package: /Game/__ExternalActors__/Maps/ThirdPersonMap/D/V1/7CU8K31QJ3J5Y1UWU1LQ2D
 |- Actor Path: /Game/Maps/ThirdPersonMap.ThirdPersonMap:PersistentLevel.TargetPoint_UAID_E0D55EDD9C74C9DB01_1821106803
 |- Actor Package: /Game/__ExternalActors__/Maps/ThirdPersonMap/B/SK/XWNC4JSVSHMSOGK0Z3ERAB
 |- Actor Path: /Game/Maps/ThirdPersonMap.ThirdPersonMap:PersistentLevel.TargetPoint_UAID_E0D55EDD9C74C9DB01_1834690807
 |- Actor Package: /Game/__ExternalActors__/Maps/ThirdPersonMap/A/RJ/7VWGNTFYU1XST3Q9WYHZO5
 |- Actor Path: /Game/Maps/ThirdPersonMap.ThirdPersonMap:PersistentLevel.TargetPoint_UAID_E0D55EDD9C74C9DB01_1837266808
 |- Actor Package: /Game/__ExternalActors__/Maps/ThirdPersonMap/3/M2/KZA3ESMC168ALV8E5GWMRK
 |- Actor Path: /Game/Maps/ThirdPersonMap.ThirdPersonMap:PersistentLevel.ThirdPersonExampleMap_C_0
 |- Actor Package: /Game/Maps/ThirdPersonMap
 |- Actor Path: /Game/Maps/ThirdPersonMap.ThirdPersonMap:PersistentLevel.WorldDataLayers
 |- Actor Package: /Game/__ExternalActors__/Maps/ThirdPersonMap/3/UD/BB4MDNTU359RPOEOB0K97W
 |- Actor Path: /Game/Maps/ThirdPersonMap.ThirdPersonMap:PersistentLevel.WorldInfo_0
 |- Actor Package: /Game/Maps/ThirdPersonMap
 |- Actor Path: /Game/Maps/ThirdPersonMap.ThirdPersonMap:PersistentLevel.WorldPartitionMiniMap_0
 |- Actor Package: /Game/__ExternalActors__/Maps/ThirdPersonMap/E/JJ/FJ93PGBA64REAOI7YZUGHA

----------------------------------------------------------------------------------------------------------------
ThirdPersonMap - Runtime Spatial Hash - Streaming Grid - MainGrid
----------------------------------------------------------------------------------------------------------------
            Origin: X=0.000 Y=0.000 Z=0.000
         Cell Size: 12800
      World Bounds: IsValid=false, Min=(X=0.000 Y=0.000 Z=0.000), Max=(X=0.000 Y=0.000 Z=0.000)
     Loading Range: 25600.00
Block Slow Loading: No
 ClientOnlyVisible: No
            Origin: X=0.000 Y=0.000 Z=0.000

[+] Grid Levels: 1
 |- Level  0: Cell Count    0 | Cell Size   12800 | Actor Count    0 (0.0%)

[+] Content of Grid Level 0

