[+] Containers:
 |- [+] Container: /Game/Maps/ThirdPersonMap
 |   |- [+] ActorDescs:
 |   |   |- Guid:137874A947878707E3E63088CBC7447E BaseClass:/Engine/EngineSky/BP_Sky_Sphere.BP_Sky_Sphere_C NativeClass:/Script/Engine.Actor Name:SkySphere_UAID_E0D55EDD9C7477D001_1510977880 Label:Sky Sphere2 SpatiallyLoaded:0 Bounds:IsValid=true, Min=(X=-1654411.172 Y=-1634075.465 Z=-1633227.438), Max=(X=1622388.828 Y=1642724.535 Z=1643572.562) RuntimeGrid:None EditorOnly:0 RuntimeOnly:0 HLODRelevant:0 ListedInSceneOutliner:1 IsMainWorldOnly:0 FolderPath:cena padrao FolderGuid:A6BFBEB04DFD6CE684DEF7B10F00EB67
 |   |   |- Guid:1A76D9054D994D8BF802159ECF0D0983 BaseClass: NativeClass:/Script/Engine.Emitter Name:P_Ambient_Dust_UAID_E0D55EDD9C7477D001_1511222057 Label:P_Ambient_Dust SpatiallyLoaded:1 Bounds:IsValid=true, Min=(X=-19632.562 Y=6637.207 Z=-152.068), Max=(X=-19632.562 Y=6637.207 Z=-152.068) RuntimeGrid:None EditorOnly:0 RuntimeOnly:0 HLODRelevant:0 ListedInSceneOutliner:1 IsMainWorldOnly:0 FolderPath:cena padrao FolderGuid:A6BFBEB04DFD6CE684DEF7B10F00EB67
 |   |   |- Guid:1AAFE9F44478300EF38D3DA0876FED2B BaseClass:/Game/CombatSystem/Blueprints/Actors/BP_PickupActor.BP_PickupActor_C NativeClass:/Script/Engine.Actor Name:BP_PickupActor_C_UAID_F4B52057818C7DCE01_1332909695 Label:BP_espada inicial SpatiallyLoaded:1 Bounds:IsValid=true, Min=(X=1456.000 Y=4176.000 Z=-84.000), Max=(X=1664.000 Y=4384.000 Z=145.426) RuntimeGrid:None EditorOnly:0 RuntimeOnly:0 HLODRelevant:0 ListedInSceneOutliner:1 IsMainWorldOnly:0 FolderPath:items FolderGuid:BCF127A844A409C094655786D05FBAD3
 |   |   |- Guid:2FB58999456391D349DC0F86DAC136ED BaseClass: NativeClass:/Script/Engine.SkyLight Name:SkyLight_1 Label:SkyLight SpatiallyLoaded:0 Bounds:IsValid=true, Min=(X=0.000 Y=0.000 Z=690.000), Max=(X=0.000 Y=0.000 Z=690.000) RuntimeGrid:None EditorOnly:0 RuntimeOnly:0 HLODRelevant:0 ListedInSceneOutliner:1 IsMainWorldOnly:0 FolderPath:Lighting FolderGuid:963EC3EB4002CCE9759E2EBA541A873A
 |   |   |- Guid:316CF2A6494ACA4C0E4180A87D36AB8F BaseClass: NativeClass:/Script/Engine.ExponentialHeightFog Name:ExponentialHeightFog_0 Label:ExponentialHeightFog SpatiallyLoaded:0 Bounds:IsValid=true, Min=(X=-5600.000 Y=-50.000 Z=-6850.000), Max=(X=-5600.000 Y=-50.000 Z=-6850.000) RuntimeGrid:None EditorOnly:0 RuntimeOnly:0 HLODRelevant:0 ListedInSceneOutliner:1 IsMainWorldOnly:0 FolderPath:Lighting FolderGuid:963EC3EB4002CCE9759E2EBA541A873A
 |   |   |- Guid:3A00AA1C422CE54C0BDB60BAF471BFBB BaseClass: NativeClass:/Script/Engine.PlayerStart Name:PlayerStart_0 Label:PlayerStart SpatiallyLoaded:0 Bounds:IsValid=true, Min=(X=-320.000 Y=4330.000 Z=-39.987), Max=(X=-240.000 Y=4410.000 Z=144.013) RuntimeGrid:None EditorOnly:0 RuntimeOnly:0 HLODRelevant:0 ListedInSceneOutliner:1 IsMainWorldOnly:0 FolderPath:player e etc FolderGuid:B268072B430A50681A6FF4B84874B442
 |   |   |- Guid:3C30E67B479A32C7D9B3588774C1AF29 BaseClass:/Engine/EngineSky/BP_Sky_Sphere.BP_Sky_Sphere_C NativeClass:/Script/Engine.Actor Name:SkySphere_UAID_E0D55EDD9C7474D001_1740184230 Label:Sky Sphere SpatiallyLoaded:0 Bounds:IsValid=true, Min=(X=-1680881.172 Y=-1622755.465 Z=-1661047.438), Max=(X=1595918.828 Y=1654044.535 Z=1615752.562) RuntimeGrid:None EditorOnly:0 RuntimeOnly:0 HLODRelevant:0 ListedInSceneOutliner:1 IsMainWorldOnly:0 FolderPath:Effects FolderGuid:166D853C4C35704385EE81A2E7E75711
 |   |   |- Guid:4D3BE93F4146AAAC8BBE79999D96D57F BaseClass: NativeClass:/Script/Engine.VolumetricCloud Name:VolumetricCloud_0 Label:VolumetricCloud SpatiallyLoaded:0 Bounds:IsValid=true, Min=(X=0.000 Y=0.000 Z=820.000), Max=(X=0.000 Y=0.000 Z=820.000) RuntimeGrid:None EditorOnly:0 RuntimeOnly:0 HLODRelevant:0 ListedInSceneOutliner:1 IsMainWorldOnly:0 FolderPath:Lighting FolderGuid:963EC3EB4002CCE9759E2EBA541A873A
 |   |   |- Guid:58EA585F482DE4EDCD2F1A8F05259D2F BaseClass:/Game/CombatSystem/Blueprints/Actors/BP_PickupActor.BP_PickupActor_C NativeClass:/Script/Engine.Actor Name:BP_PickupActor_C_UAID_F4B52057818C7ECE01_1687605872 Label:BP_espada grande SpatiallyLoaded:1 Bounds:IsValid=true, Min=(X=1486.000 Y=4486.000 Z=-84.000), Max=(X=1694.000 Y=4694.000 Z=162.899) RuntimeGrid:None EditorOnly:0 RuntimeOnly:0 HLODRelevant:0 ListedInSceneOutliner:1 IsMainWorldOnly:0 FolderPath:items FolderGuid:BCF127A844A409C094655786D05FBAD3
 |   |   |- Guid:6BAF4DDD444C60371492D3919DB42C97 BaseClass: NativeClass:/Script/Engine.WorldDataLayers Name:WorldDataLayers Label:WorldDataLayers SpatiallyLoaded:0 Bounds:Invalid RuntimeGrid:None EditorOnly:0 RuntimeOnly:0 HLODRelevant:0 ListedInSceneOutliner:1 IsMainWorldOnly:1 FolderPath:player e etc FolderGuid:B268072B430A50681A6FF4B84874B442
 |   |   |- Guid:85E6C5B54FA18D8A163209A09851AB81 BaseClass: NativeClass:/Script/Engine.StaticMeshActor Name:StaticMeshActor_UAID_E0D55EDD9C7478D001_2012532240 Label:Plane SpatiallyLoaded:1 Bounds:IsValid=true, Min=(X=-12770.000 Y=37885.000 Z=10140.000), Max=(X=-11770.000 Y=38535.000 Z=10140.000) RuntimeGrid:None EditorOnly:0 RuntimeOnly:0 HLODRelevant:1 ListedInSceneOutliner:1 IsMainWorldOnly:0
 |   |   |- Guid:B785ED2844B84CFB91E7F39FE661CD99 BaseClass: NativeClass:/Script/Engine.DirectionalLight Name:DirectionalLight_0 Label:DirectionalLight SpatiallyLoaded:0 Bounds:IsValid=true, Min=(X=-4398046511104.000 Y=-4398046511104.000 Z=-4398046511104.000), Max=(X=4398046511104.000 Y=4398046511104.000 Z=4398046511104.000) RuntimeGrid:None EditorOnly:0 RuntimeOnly:0 HLODRelevant:0 ListedInSceneOutliner:1 IsMainWorldOnly:0 FolderPath:Lighting FolderGuid:963EC3EB4002CCE9759E2EBA541A873A
 |   |   |- Guid:CCFF262C46EEFFDF319E7F9539CE697E BaseClass: NativeClass:/Script/Engine.SkyAtmosphere Name:SkyAtmosphere_0 Label:SkyAtmosphere SpatiallyLoaded:0 Bounds:IsValid=true, Min=(X=0.000 Y=0.000 Z=1020.000), Max=(X=0.000 Y=0.000 Z=1020.000) RuntimeGrid:None EditorOnly:0 RuntimeOnly:0 HLODRelevant:0 ListedInSceneOutliner:1 IsMainWorldOnly:0 FolderPath:Lighting FolderGuid:963EC3EB4002CCE9759E2EBA541A873A
 |   |   |- Guid:F5E3FEB3450C49844FD93DA8E083C8AD BaseClass: NativeClass:/Script/Engine.PostProcessVolume Name:PostProcessVolume_0 Label:PostProcessVolume SpatiallyLoaded:0 Bounds:IsValid=true, Min=(X=0.000 Y=0.000 Z=400.000), Max=(X=200.000 Y=200.000 Z=600.000) RuntimeGrid:None EditorOnly:0 RuntimeOnly:0 HLODRelevant:0 ListedInSceneOutliner:1 IsMainWorldOnly:0 FolderPath:Lighting FolderGuid:963EC3EB4002CCE9759E2EBA541A873A
 |   |   |- Guid:FBBFA0F94206AA3736D081AD1A66A88A BaseClass: NativeClass:/Script/Engine.Emitter Name:P_Ambient_Dust11_UAID_E0D55EDD9C7477D001_1511224059 Label:P_Ambient_Dust11 SpatiallyLoaded:1 Bounds:IsValid=true, Min=(X=-21606.906 Y=5017.837 Z=-304.725), Max=(X=-21606.906 Y=5017.837 Z=-304.725) RuntimeGrid:None EditorOnly:0 RuntimeOnly:0 HLODRelevant:0 ListedInSceneOutliner:1 IsMainWorldOnly:0 FolderPath:cena padrao FolderGuid:A6BFBEB04DFD6CE684DEF7B10F00EB67
 |   |- [+] Clusters:
 |   |   |- [+] [  0]
 |   |   |   |- Guid:137874A947878707E3E63088CBC7447E BaseClass:/Engine/EngineSky/BP_Sky_Sphere.BP_Sky_Sphere_C NativeClass:/Script/Engine.Actor Name:SkySphere_UAID_E0D55EDD9C7477D001_1510977880 Label:Sky Sphere2 SpatiallyLoaded:0 Bounds:IsValid=true, Min=(X=-1654411.172 Y=-1634075.465 Z=-1633227.438), Max=(X=1622388.828 Y=1642724.535 Z=1643572.562) RuntimeGrid:None EditorOnly:0 RuntimeOnly:0 HLODRelevant:0 ListedInSceneOutliner:1 IsMainWorldOnly:0 FolderPath:cena padrao FolderGuid:A6BFBEB04DFD6CE684DEF7B10F00EB67
 |   |   |- [+] [  1]
 |   |   |   |- Guid:1A76D9054D994D8BF802159ECF0D0983 BaseClass: NativeClass:/Script/Engine.Emitter Name:P_Ambient_Dust_UAID_E0D55EDD9C7477D001_1511222057 Label:P_Ambient_Dust SpatiallyLoaded:1 Bounds:IsValid=true, Min=(X=-19632.562 Y=6637.207 Z=-152.068), Max=(X=-19632.562 Y=6637.207 Z=-152.068) RuntimeGrid:None EditorOnly:0 RuntimeOnly:0 HLODRelevant:0 ListedInSceneOutliner:1 IsMainWorldOnly:0 FolderPath:cena padrao FolderGuid:A6BFBEB04DFD6CE684DEF7B10F00EB67
 |   |   |- [+] [  2]
 |   |   |   |- Guid:1AAFE9F44478300EF38D3DA0876FED2B BaseClass:/Game/CombatSystem/Blueprints/Actors/BP_PickupActor.BP_PickupActor_C NativeClass:/Script/Engine.Actor Name:BP_PickupActor_C_UAID_F4B52057818C7DCE01_1332909695 Label:BP_espada inicial SpatiallyLoaded:1 Bounds:IsValid=true, Min=(X=1456.000 Y=4176.000 Z=-84.000), Max=(X=1664.000 Y=4384.000 Z=145.426) RuntimeGrid:None EditorOnly:0 RuntimeOnly:0 HLODRelevant:0 ListedInSceneOutliner:1 IsMainWorldOnly:0 FolderPath:items FolderGuid:BCF127A844A409C094655786D05FBAD3
 |   |   |- [+] [  3]
 |   |   |   |- Guid:2FB58999456391D349DC0F86DAC136ED BaseClass: NativeClass:/Script/Engine.SkyLight Name:SkyLight_1 Label:SkyLight SpatiallyLoaded:0 Bounds:IsValid=true, Min=(X=0.000 Y=0.000 Z=690.000), Max=(X=0.000 Y=0.000 Z=690.000) RuntimeGrid:None EditorOnly:0 RuntimeOnly:0 HLODRelevant:0 ListedInSceneOutliner:1 IsMainWorldOnly:0 FolderPath:Lighting FolderGuid:963EC3EB4002CCE9759E2EBA541A873A
 |   |   |- [+] [  4]
 |   |   |   |- Guid:316CF2A6494ACA4C0E4180A87D36AB8F BaseClass: NativeClass:/Script/Engine.ExponentialHeightFog Name:ExponentialHeightFog_0 Label:ExponentialHeightFog SpatiallyLoaded:0 Bounds:IsValid=true, Min=(X=-5600.000 Y=-50.000 Z=-6850.000), Max=(X=-5600.000 Y=-50.000 Z=-6850.000) RuntimeGrid:None EditorOnly:0 RuntimeOnly:0 HLODRelevant:0 ListedInSceneOutliner:1 IsMainWorldOnly:0 FolderPath:Lighting FolderGuid:963EC3EB4002CCE9759E2EBA541A873A
 |   |   |- [+] [  5]
 |   |   |   |- Guid:3A00AA1C422CE54C0BDB60BAF471BFBB BaseClass: NativeClass:/Script/Engine.PlayerStart Name:PlayerStart_0 Label:PlayerStart SpatiallyLoaded:0 Bounds:IsValid=true, Min=(X=-320.000 Y=4330.000 Z=-39.987), Max=(X=-240.000 Y=4410.000 Z=144.013) RuntimeGrid:None EditorOnly:0 RuntimeOnly:0 HLODRelevant:0 ListedInSceneOutliner:1 IsMainWorldOnly:0 FolderPath:player e etc FolderGuid:B268072B430A50681A6FF4B84874B442
 |   |   |- [+] [  6]
 |   |   |   |- Guid:3C30E67B479A32C7D9B3588774C1AF29 BaseClass:/Engine/EngineSky/BP_Sky_Sphere.BP_Sky_Sphere_C NativeClass:/Script/Engine.Actor Name:SkySphere_UAID_E0D55EDD9C7474D001_1740184230 Label:Sky Sphere SpatiallyLoaded:0 Bounds:IsValid=true, Min=(X=-1680881.172 Y=-1622755.465 Z=-1661047.438), Max=(X=1595918.828 Y=1654044.535 Z=1615752.562) RuntimeGrid:None EditorOnly:0 RuntimeOnly:0 HLODRelevant:0 ListedInSceneOutliner:1 IsMainWorldOnly:0 FolderPath:Effects FolderGuid:166D853C4C35704385EE81A2E7E75711
 |   |   |- [+] [  7]
 |   |   |   |- Guid:4D3BE93F4146AAAC8BBE79999D96D57F BaseClass: NativeClass:/Script/Engine.VolumetricCloud Name:VolumetricCloud_0 Label:VolumetricCloud SpatiallyLoaded:0 Bounds:IsValid=true, Min=(X=0.000 Y=0.000 Z=820.000), Max=(X=0.000 Y=0.000 Z=820.000) RuntimeGrid:None EditorOnly:0 RuntimeOnly:0 HLODRelevant:0 ListedInSceneOutliner:1 IsMainWorldOnly:0 FolderPath:Lighting FolderGuid:963EC3EB4002CCE9759E2EBA541A873A
 |   |   |- [+] [  8]
 |   |   |   |- Guid:58EA585F482DE4EDCD2F1A8F05259D2F BaseClass:/Game/CombatSystem/Blueprints/Actors/BP_PickupActor.BP_PickupActor_C NativeClass:/Script/Engine.Actor Name:BP_PickupActor_C_UAID_F4B52057818C7ECE01_1687605872 Label:BP_espada grande SpatiallyLoaded:1 Bounds:IsValid=true, Min=(X=1486.000 Y=4486.000 Z=-84.000), Max=(X=1694.000 Y=4694.000 Z=162.899) RuntimeGrid:None EditorOnly:0 RuntimeOnly:0 HLODRelevant:0 ListedInSceneOutliner:1 IsMainWorldOnly:0 FolderPath:items FolderGuid:BCF127A844A409C094655786D05FBAD3
 |   |   |- [+] [  9]
 |   |   |   |- Guid:6BAF4DDD444C60371492D3919DB42C97 BaseClass: NativeClass:/Script/Engine.WorldDataLayers Name:WorldDataLayers Label:WorldDataLayers SpatiallyLoaded:0 Bounds:Invalid RuntimeGrid:None EditorOnly:0 RuntimeOnly:0 HLODRelevant:0 ListedInSceneOutliner:1 IsMainWorldOnly:1 FolderPath:player e etc FolderGuid:B268072B430A50681A6FF4B84874B442
 |   |   |- [+] [ 10]
 |   |   |   |- Guid:85E6C5B54FA18D8A163209A09851AB81 BaseClass: NativeClass:/Script/Engine.StaticMeshActor Name:StaticMeshActor_UAID_E0D55EDD9C7478D001_2012532240 Label:Plane SpatiallyLoaded:1 Bounds:IsValid=true, Min=(X=-12770.000 Y=37885.000 Z=10140.000), Max=(X=-11770.000 Y=38535.000 Z=10140.000) RuntimeGrid:None EditorOnly:0 RuntimeOnly:0 HLODRelevant:1 ListedInSceneOutliner:1 IsMainWorldOnly:0
 |   |   |- [+] [ 11]
 |   |   |   |- Guid:B785ED2844B84CFB91E7F39FE661CD99 BaseClass: NativeClass:/Script/Engine.DirectionalLight Name:DirectionalLight_0 Label:DirectionalLight SpatiallyLoaded:0 Bounds:IsValid=true, Min=(X=-4398046511104.000 Y=-4398046511104.000 Z=-4398046511104.000), Max=(X=4398046511104.000 Y=4398046511104.000 Z=4398046511104.000) RuntimeGrid:None EditorOnly:0 RuntimeOnly:0 HLODRelevant:0 ListedInSceneOutliner:1 IsMainWorldOnly:0 FolderPath:Lighting FolderGuid:963EC3EB4002CCE9759E2EBA541A873A
 |   |   |- [+] [ 12]
 |   |   |   |- Guid:CCFF262C46EEFFDF319E7F9539CE697E BaseClass: NativeClass:/Script/Engine.SkyAtmosphere Name:SkyAtmosphere_0 Label:SkyAtmosphere SpatiallyLoaded:0 Bounds:IsValid=true, Min=(X=0.000 Y=0.000 Z=1020.000), Max=(X=0.000 Y=0.000 Z=1020.000) RuntimeGrid:None EditorOnly:0 RuntimeOnly:0 HLODRelevant:0 ListedInSceneOutliner:1 IsMainWorldOnly:0 FolderPath:Lighting FolderGuid:963EC3EB4002CCE9759E2EBA541A873A
 |   |   |- [+] [ 13]
 |   |   |   |- Guid:F5E3FEB3450C49844FD93DA8E083C8AD BaseClass: NativeClass:/Script/Engine.PostProcessVolume Name:PostProcessVolume_0 Label:PostProcessVolume SpatiallyLoaded:0 Bounds:IsValid=true, Min=(X=0.000 Y=0.000 Z=400.000), Max=(X=200.000 Y=200.000 Z=600.000) RuntimeGrid:None EditorOnly:0 RuntimeOnly:0 HLODRelevant:0 ListedInSceneOutliner:1 IsMainWorldOnly:0 FolderPath:Lighting FolderGuid:963EC3EB4002CCE9759E2EBA541A873A
 |   |   |- [+] [ 14]
 |   |   |   |- Guid:FBBFA0F94206AA3736D081AD1A66A88A BaseClass: NativeClass:/Script/Engine.Emitter Name:P_Ambient_Dust11_UAID_E0D55EDD9C7477D001_1511224059 Label:P_Ambient_Dust11 SpatiallyLoaded:1 Bounds:IsValid=true, Min=(X=-21606.906 Y=5017.837 Z=-304.725), Max=(X=-21606.906 Y=5017.837 Z=-304.725) RuntimeGrid:None EditorOnly:0 RuntimeOnly:0 HLODRelevant:0 ListedInSceneOutliner:1 IsMainWorldOnly:0 FolderPath:cena padrao FolderGuid:A6BFBEB04DFD6CE684DEF7B10F00EB67
 |- ContainerInstances:
 |- [+] MainContainer:
 |   |-        ID: 00000000000000000000000000000000
 |   |-  ParentID: 00000000000000000000000000000000
 |   |-    Bounds: IsValid=false, Min=(X=0.000 Y=0.000 Z=0.000), Max=(X=0.000 Y=0.000 Z=0.000)
 |   |- Transform: 0.000000,0.000000,0.000000|0.000000,0.000000,-0.000000|1.000000,1.000000,1.000000
 |   |- Container: /Game/Maps/ThirdPersonMap
----------------------------------------------------------------------------------------------------------------
ThirdPersonMap - Persistent Level
----------------------------------------------------------------------------------------------------------------
[+] Content of ThirdPersonMap Persistent Level
 |- Always loaded Actor Count: 22 
 |- Actor Path: /Game/Maps/ThirdPersonMap.ThirdPersonMap:PersistentLevel.AbstractNavData-Default
 |- Actor Package: /Game/Maps/ThirdPersonMap
 |- Actor Path: /Game/Maps/ThirdPersonMap.ThirdPersonMap:PersistentLevel.BP_PickupActor_C_UAID_F4B52057818C7DCE01_1332909695
 |- Actor Package: /Game/__ExternalActors__/Maps/ThirdPersonMap/9/V4/4DZ5Z0J3RYWS67O4NF6G52
 |- Actor Path: /Game/Maps/ThirdPersonMap.ThirdPersonMap:PersistentLevel.BP_PickupActor_C_UAID_F4B52057818C7ECE01_1687605872
 |- Actor Package: /Game/__ExternalActors__/Maps/ThirdPersonMap/9/NW/O3E2VMQWL2D37SLH47FWHP
 |- Actor Path: /Game/Maps/ThirdPersonMap.ThirdPersonMap:PersistentLevel.Brush_0
 |- Actor Package: /Game/Maps/ThirdPersonMap
 |- Actor Path: /Game/Maps/ThirdPersonMap.ThirdPersonMap:PersistentLevel.DefaultPhysicsVolume_0
 |- Actor Package: /Game/Maps/ThirdPersonMap
 |- Actor Path: /Game/Maps/ThirdPersonMap.ThirdPersonMap:PersistentLevel.DirectionalLight_0
 |- Actor Package: /Game/__ExternalActors__/Maps/ThirdPersonMap/C/IZ/F47RIT6PBRGD3VFHIO4PVP
 |- Actor Path: /Game/Maps/ThirdPersonMap.ThirdPersonMap:PersistentLevel.ExponentialHeightFog_0
 |- Actor Package: /Game/__ExternalActors__/Maps/ThirdPersonMap/D/70/VEM240MOJXJJ7YV9QJXKEA
 |- Actor Path: /Game/Maps/ThirdPersonMap.ThirdPersonMap:PersistentLevel.GameplayDebuggerPlayerManager_0
 |- Actor Package: /Game/Maps/ThirdPersonMap
 |- Actor Path: /Game/Maps/ThirdPersonMap.ThirdPersonMap:PersistentLevel.P_Ambient_Dust11_UAID_E0D55EDD9C7477D001_1511224059
 |- Actor Package: /Game/__ExternalActors__/Maps/ThirdPersonMap/0/SR/W336WB1LQJDMTFBU05PRAC
 |- Actor Path: /Game/Maps/ThirdPersonMap.ThirdPersonMap:PersistentLevel.P_Ambient_Dust_UAID_E0D55EDD9C7477D001_1511222057
 |- Actor Package: /Game/__ExternalActors__/Maps/ThirdPersonMap/E/0G/UYV3W1NEP65PLS77XT3I2L
 |- Actor Path: /Game/Maps/ThirdPersonMap.ThirdPersonMap:PersistentLevel.PlayerStart_0
 |- Actor Package: /Game/__ExternalActors__/Maps/ThirdPersonMap/0/9Z/OBHQTF8IORVT433VKL992W
 |- Actor Path: /Game/Maps/ThirdPersonMap.ThirdPersonMap:PersistentLevel.PostProcessVolume_0
 |- Actor Package: /Game/__ExternalActors__/Maps/ThirdPersonMap/4/VI/PDXA9Q02LMQ2U8KWXCKWUI
 |- Actor Path: /Game/Maps/ThirdPersonMap.ThirdPersonMap:PersistentLevel.SkyAtmosphere_0
 |- Actor Package: /Game/__ExternalActors__/Maps/ThirdPersonMap/C/QS/6I0TQQKGM2S7FVOKOWFBTW
 |- Actor Path: /Game/Maps/ThirdPersonMap.ThirdPersonMap:PersistentLevel.SkyLight_1
 |- Actor Package: /Game/__ExternalActors__/Maps/ThirdPersonMap/8/6M/OV8P6XY6MYN8XDC227RW7Q
 |- Actor Path: /Game/Maps/ThirdPersonMap.ThirdPersonMap:PersistentLevel.SkySphere_UAID_E0D55EDD9C7474D001_1740184230
 |- Actor Package: /Game/__ExternalActors__/Maps/ThirdPersonMap/5/MP/BUUPPEJU5EMXO7O0V9VE2L
 |- Actor Path: /Game/Maps/ThirdPersonMap.ThirdPersonMap:PersistentLevel.SkySphere_UAID_E0D55EDD9C7477D001_1510977880
 |- Actor Package: /Game/__ExternalActors__/Maps/ThirdPersonMap/C/VN/8LOKBMB7SLHOFA3L1T2SNB
 |- Actor Path: /Game/Maps/ThirdPersonMap.ThirdPersonMap:PersistentLevel.StaticMeshActor_UAID_E0D55EDD9C7478D001_2012532240
 |- Actor Package: /Game/__ExternalActors__/Maps/ThirdPersonMap/0/ZS/ZR42QC1SXTC017CI3GCWWC
 |- Actor Path: /Game/Maps/ThirdPersonMap.ThirdPersonMap:PersistentLevel.ThirdPersonExampleMap_C_0
 |- Actor Package: /Game/Maps/ThirdPersonMap
 |- Actor Path: /Game/Maps/ThirdPersonMap.ThirdPersonMap:PersistentLevel.VolumetricCloud_0
 |- Actor Package: /Game/__ExternalActors__/Maps/ThirdPersonMap/5/M0/H1MB1V7RGMSV5BTJFZDX3K
 |- Actor Path: /Game/Maps/ThirdPersonMap.ThirdPersonMap:PersistentLevel.WorldDataLayers
 |- Actor Package: /Game/__ExternalActors__/Maps/ThirdPersonMap/3/UD/BB4MDNTU359RPOEOB0K97W
 |- Actor Path: /Game/Maps/ThirdPersonMap.ThirdPersonMap:PersistentLevel.WorldInfo_0
 |- Actor Package: /Game/Maps/ThirdPersonMap
 |- Actor Path: /Game/Maps/ThirdPersonMap.ThirdPersonMap:PersistentLevel.WorldPartitionMiniMap_0
 |- Actor Package: /Game/__ExternalActors__/Maps/ThirdPersonMap/E/JJ/FJ93PGBA64REAOI7YZUGHA

----------------------------------------------------------------------------------------------------------------
ThirdPersonMap - Runtime Spatial Hash - Streaming Grid - MainGrid
----------------------------------------------------------------------------------------------------------------
            Origin: X=0.000 Y=0.000 Z=0.000
         Cell Size: 12800
      World Bounds: IsValid=false, Min=(X=0.000 Y=0.000 Z=0.000), Max=(X=0.000 Y=0.000 Z=0.000)
     Loading Range: 25600.00
Block Slow Loading: No
 ClientOnlyVisible: No
            Origin: X=0.000 Y=0.000 Z=0.000

[+] Grid Levels: 1
 |- Level  0: Cell Count    0 | Cell Size   12800 | Actor Count    0 (0.0%)

[+] Content of Grid Level 0

